INFO - 2023-07-24 00:28:02 --> Session: Class initialized using 'CodeIgniter\Session\Handlers\FileHandler' driver.
INFO - 2023-07-24 00:28:23 --> Session: Class initialized using 'CodeIgniter\Session\Handlers\FileHandler' driver.
INFO - 2023-07-24 00:31:36 --> Session: Class initialized using 'CodeIgniter\Session\Handlers\FileHandler' driver.
INFO - 2023-07-24 00:31:40 --> Session: Class initialized using 'CodeIgniter\Session\Handlers\FileHandler' driver.
INFO - 2023-07-24 00:32:35 --> Session: Class initialized using 'CodeIgniter\Session\Handlers\FileHandler' driver.
INFO - 2023-07-24 00:32:40 --> Session: Class initialized using 'CodeIgniter\Session\Handlers\FileHandler' driver.
INFO - 2023-07-24 00:34:44 --> Session: Class initialized using 'CodeIgniter\Session\Handlers\FileHandler' driver.
INFO - 2023-07-24 00:36:00 --> Session: Class initialized using 'CodeIgniter\Session\Handlers\FileHandler' driver.
INFO - 2023-07-24 00:36:04 --> Session: Class initialized using 'CodeIgniter\Session\Handlers\FileHandler' driver.
INFO - 2023-07-24 00:36:53 --> Session: Class initialized using 'CodeIgniter\Session\Handlers\FileHandler' driver.
INFO - 2023-07-24 00:37:14 --> Session: Class initialized using 'CodeIgniter\Session\Handlers\FileHandler' driver.
INFO - 2023-07-24 00:37:18 --> Session: Class initialized using 'CodeIgniter\Session\Handlers\FileHandler' driver.
INFO - 2023-07-24 00:37:53 --> Session: Class initialized using 'CodeIgniter\Session\Handlers\FileHandler' driver.
INFO - 2023-07-24 00:38:07 --> Session: Class initialized using 'CodeIgniter\Session\Handlers\FileHandler' driver.
INFO - 2023-07-24 00:38:11 --> Session: Class initialized using 'CodeIgniter\Session\Handlers\FileHandler' driver.
INFO - 2023-07-24 00:48:57 --> Session: Class initialized using 'CodeIgniter\Session\Handlers\FileHandler' driver.
INFO - 2023-07-24 00:49:25 --> Session: Class initialized using 'CodeIgniter\Session\Handlers\FileHandler' driver.
INFO - 2023-07-24 00:49:48 --> Session: Class initialized using 'CodeIgniter\Session\Handlers\FileHandler' driver.
INFO - 2023-07-24 00:49:56 --> Session: Class initialized using 'CodeIgniter\Session\Handlers\FileHandler' driver.
INFO - 2023-07-24 00:49:58 --> Session: Class initialized using 'CodeIgniter\Session\Handlers\FileHandler' driver.
INFO - 2023-07-24 00:50:10 --> Session: Class initialized using 'CodeIgniter\Session\Handlers\FileHandler' driver.
INFO - 2023-07-24 00:50:21 --> Session: Class initialized using 'CodeIgniter\Session\Handlers\FileHandler' driver.
INFO - 2023-07-24 00:50:30 --> Session: Class initialized using 'CodeIgniter\Session\Handlers\FileHandler' driver.
INFO - 2023-07-24 00:50:51 --> Session: Class initialized using 'CodeIgniter\Session\Handlers\FileHandler' driver.
INFO - 2023-07-24 00:51:43 --> Session: Class initialized using 'CodeIgniter\Session\Handlers\FileHandler' driver.
INFO - 2023-07-24 00:53:48 --> Session: Class initialized using 'CodeIgniter\Session\Handlers\FileHandler' driver.
INFO - 2023-07-24 00:54:09 --> Session: Class initialized using 'CodeIgniter\Session\Handlers\FileHandler' driver.
INFO - 2023-07-24 00:54:27 --> Session: Class initialized using 'CodeIgniter\Session\Handlers\FileHandler' driver.
INFO - 2023-07-24 00:54:41 --> Session: Class initialized using 'CodeIgniter\Session\Handlers\FileHandler' driver.
INFO - 2023-07-24 00:54:52 --> Session: Class initialized using 'CodeIgniter\Session\Handlers\FileHandler' driver.
INFO - 2023-07-24 00:55:01 --> Session: Class initialized using 'CodeIgniter\Session\Handlers\FileHandler' driver.
INFO - 2023-07-24 00:55:01 --> Session: Class initialized using 'CodeIgniter\Session\Handlers\FileHandler' driver.
INFO - 2023-07-24 00:58:08 --> Session: Class initialized using 'CodeIgniter\Session\Handlers\FileHandler' driver.
INFO - 2023-07-24 00:58:12 --> Session: Class initialized using 'CodeIgniter\Session\Handlers\FileHandler' driver.
CRITICAL - 2023-07-24 00:58:12 --> Undefined variable $mhs
in APPPATH\Views\v_template_anggota.php on line 71.
 1 APPPATH\Views\v_template_anggota.php(71): CodeIgniter\Debug\Exceptions->errorHandler(2, 'Undefined variable $mhs', 'C:\\xampp\\htdocs\\perpus\\app\\Views\\v_template_anggota.php', 71)
 2 SYSTEMPATH\View\View.php(213): include('C:\\xampp\\htdocs\\perpus\\app\\Views\\v_template_anggota.php')
 3 SYSTEMPATH\View\View.php(216): CodeIgniter\View\View->CodeIgniter\View\{closure}()
 4 SYSTEMPATH\Common.php(1184): CodeIgniter\View\View->render('v_template_anggota', [], true)
 5 APPPATH\Controllers\Peminjaman.php(231): view('v_template_anggota', [...])
 6 SYSTEMPATH\CodeIgniter.php(934): App\Controllers\Peminjaman->DetailBuku('5')
 7 SYSTEMPATH\CodeIgniter.php(499): CodeIgniter\CodeIgniter->runController(Object(App\Controllers\Peminjaman))
 8 SYSTEMPATH\CodeIgniter.php(368): CodeIgniter\CodeIgniter->handleRequest(null, Object(Config\Cache), false)
 9 FCPATH\index.php(67): CodeIgniter\CodeIgniter->run()
10 SYSTEMPATH\Commands\Server\rewrite.php(47): require_once('C:\\xampp\\htdocs\\perpus\\public\\index.php')
INFO - 2023-07-24 00:59:01 --> Session: Class initialized using 'CodeIgniter\Session\Handlers\FileHandler' driver.
INFO - 2023-07-24 01:01:37 --> Session: Class initialized using 'CodeIgniter\Session\Handlers\FileHandler' driver.
INFO - 2023-07-24 01:02:39 --> Session: Class initialized using 'CodeIgniter\Session\Handlers\FileHandler' driver.
INFO - 2023-07-24 01:02:54 --> Session: Class initialized using 'CodeIgniter\Session\Handlers\FileHandler' driver.
INFO - 2023-07-24 01:03:23 --> Session: Class initialized using 'CodeIgniter\Session\Handlers\FileHandler' driver.
INFO - 2023-07-24 01:03:37 --> Session: Class initialized using 'CodeIgniter\Session\Handlers\FileHandler' driver.
INFO - 2023-07-24 01:03:40 --> Session: Class initialized using 'CodeIgniter\Session\Handlers\FileHandler' driver.
INFO - 2023-07-24 01:09:09 --> Session: Class initialized using 'CodeIgniter\Session\Handlers\FileHandler' driver.
INFO - 2023-07-24 01:09:50 --> Session: Class initialized using 'CodeIgniter\Session\Handlers\FileHandler' driver.
INFO - 2023-07-24 01:10:12 --> Session: Class initialized using 'CodeIgniter\Session\Handlers\FileHandler' driver.
INFO - 2023-07-24 01:10:24 --> Session: Class initialized using 'CodeIgniter\Session\Handlers\FileHandler' driver.
INFO - 2023-07-24 01:10:46 --> Session: Class initialized using 'CodeIgniter\Session\Handlers\FileHandler' driver.
INFO - 2023-07-24 01:11:06 --> Session: Class initialized using 'CodeIgniter\Session\Handlers\FileHandler' driver.
INFO - 2023-07-24 01:11:16 --> Session: Class initialized using 'CodeIgniter\Session\Handlers\FileHandler' driver.
CRITICAL - 2023-07-24 01:11:16 --> syntax error, unexpected end of file
in APPPATH\Views\v_peminjaman\v_terima_agt.php on line 123.
 1 SYSTEMPATH\View\View.php(216): CodeIgniter\View\View->CodeIgniter\View\{closure}()
 2 SYSTEMPATH\Common.php(1184): CodeIgniter\View\View->render('v_peminjaman/v_terima_agt', [], true)
 3 APPPATH\Views\v_template_anggota.php(184): view('v_peminjaman/v_terima_agt')
 4 SYSTEMPATH\View\View.php(213): include('C:\\xampp\\htdocs\\perpus\\app\\Views\\v_template_anggota.php')
 5 SYSTEMPATH\View\View.php(216): CodeIgniter\View\View->CodeIgniter\View\{closure}()
 6 SYSTEMPATH\Common.php(1184): CodeIgniter\View\View->render('v_template_anggota', [], true)
 7 APPPATH\Controllers\Peminjaman.php(60): view('v_template_anggota', [...])
 8 SYSTEMPATH\CodeIgniter.php(934): App\Controllers\Peminjaman->TerimaAgt()
 9 SYSTEMPATH\CodeIgniter.php(499): CodeIgniter\CodeIgniter->runController(Object(App\Controllers\Peminjaman))
10 SYSTEMPATH\CodeIgniter.php(368): CodeIgniter\CodeIgniter->handleRequest(null, Object(Config\Cache), false)
11 FCPATH\index.php(67): CodeIgniter\CodeIgniter->run()
12 SYSTEMPATH\Commands\Server\rewrite.php(47): require_once('C:\\xampp\\htdocs\\perpus\\public\\index.php')
INFO - 2023-07-24 01:11:25 --> Session: Class initialized using 'CodeIgniter\Session\Handlers\FileHandler' driver.
INFO - 2023-07-24 01:12:05 --> Session: Class initialized using 'CodeIgniter\Session\Handlers\FileHandler' driver.
INFO - 2023-07-24 01:12:07 --> Session: Class initialized using 'CodeIgniter\Session\Handlers\FileHandler' driver.
INFO - 2023-07-24 01:12:13 --> Session: Class initialized using 'CodeIgniter\Session\Handlers\FileHandler' driver.
INFO - 2023-07-24 01:12:20 --> Session: Class initialized using 'CodeIgniter\Session\Handlers\FileHandler' driver.
INFO - 2023-07-24 01:12:44 --> Session: Class initialized using 'CodeIgniter\Session\Handlers\FileHandler' driver.
INFO - 2023-07-24 01:12:57 --> Session: Class initialized using 'CodeIgniter\Session\Handlers\FileHandler' driver.
INFO - 2023-07-24 01:13:05 --> Session: Class initialized using 'CodeIgniter\Session\Handlers\FileHandler' driver.
INFO - 2023-07-24 01:13:11 --> Session: Class initialized using 'CodeIgniter\Session\Handlers\FileHandler' driver.
INFO - 2023-07-24 01:13:15 --> Session: Class initialized using 'CodeIgniter\Session\Handlers\FileHandler' driver.
INFO - 2023-07-24 01:13:21 --> Session: Class initialized using 'CodeIgniter\Session\Handlers\FileHandler' driver.
INFO - 2023-07-24 01:13:30 --> Session: Class initialized using 'CodeIgniter\Session\Handlers\FileHandler' driver.
INFO - 2023-07-24 01:13:39 --> Session: Class initialized using 'CodeIgniter\Session\Handlers\FileHandler' driver.
INFO - 2023-07-24 01:13:51 --> Session: Class initialized using 'CodeIgniter\Session\Handlers\FileHandler' driver.
INFO - 2023-07-24 01:14:01 --> Session: Class initialized using 'CodeIgniter\Session\Handlers\FileHandler' driver.
INFO - 2023-07-24 01:14:09 --> Session: Class initialized using 'CodeIgniter\Session\Handlers\FileHandler' driver.
INFO - 2023-07-24 01:14:16 --> Session: Class initialized using 'CodeIgniter\Session\Handlers\FileHandler' driver.
INFO - 2023-07-24 01:14:36 --> Session: Class initialized using 'CodeIgniter\Session\Handlers\FileHandler' driver.
INFO - 2023-07-24 01:14:51 --> Session: Class initialized using 'CodeIgniter\Session\Handlers\FileHandler' driver.
INFO - 2023-07-24 01:15:00 --> Session: Class initialized using 'CodeIgniter\Session\Handlers\FileHandler' driver.
INFO - 2023-07-24 01:15:08 --> Session: Class initialized using 'CodeIgniter\Session\Handlers\FileHandler' driver.
INFO - 2023-07-24 01:15:14 --> Session: Class initialized using 'CodeIgniter\Session\Handlers\FileHandler' driver.
INFO - 2023-07-24 01:15:23 --> Session: Class initialized using 'CodeIgniter\Session\Handlers\FileHandler' driver.
INFO - 2023-07-24 01:15:29 --> Session: Class initialized using 'CodeIgniter\Session\Handlers\FileHandler' driver.
INFO - 2023-07-24 01:15:51 --> Session: Class initialized using 'CodeIgniter\Session\Handlers\FileHandler' driver.
INFO - 2023-07-24 01:16:13 --> Session: Class initialized using 'CodeIgniter\Session\Handlers\FileHandler' driver.
INFO - 2023-07-24 01:16:23 --> Session: Class initialized using 'CodeIgniter\Session\Handlers\FileHandler' driver.
INFO - 2023-07-24 01:16:33 --> Session: Class initialized using 'CodeIgniter\Session\Handlers\FileHandler' driver.
INFO - 2023-07-24 01:16:55 --> Session: Class initialized using 'CodeIgniter\Session\Handlers\FileHandler' driver.
INFO - 2023-07-24 01:17:31 --> Session: Class initialized using 'CodeIgniter\Session\Handlers\FileHandler' driver.
INFO - 2023-07-24 01:17:47 --> Session: Class initialized using 'CodeIgniter\Session\Handlers\FileHandler' driver.
INFO - 2023-07-24 01:18:01 --> Session: Class initialized using 'CodeIgniter\Session\Handlers\FileHandler' driver.
INFO - 2023-07-24 01:18:07 --> Session: Class initialized using 'CodeIgniter\Session\Handlers\FileHandler' driver.
INFO - 2023-07-24 01:18:12 --> Session: Class initialized using 'CodeIgniter\Session\Handlers\FileHandler' driver.
INFO - 2023-07-24 01:18:19 --> Session: Class initialized using 'CodeIgniter\Session\Handlers\FileHandler' driver.
INFO - 2023-07-24 01:18:33 --> Session: Class initialized using 'CodeIgniter\Session\Handlers\FileHandler' driver.
INFO - 2023-07-24 01:18:42 --> Session: Class initialized using 'CodeIgniter\Session\Handlers\FileHandler' driver.
INFO - 2023-07-24 01:18:49 --> Session: Class initialized using 'CodeIgniter\Session\Handlers\FileHandler' driver.
INFO - 2023-07-24 01:19:03 --> Session: Class initialized using 'CodeIgniter\Session\Handlers\FileHandler' driver.
INFO - 2023-07-24 01:19:16 --> Session: Class initialized using 'CodeIgniter\Session\Handlers\FileHandler' driver.
INFO - 2023-07-24 01:20:04 --> Session: Class initialized using 'CodeIgniter\Session\Handlers\FileHandler' driver.
INFO - 2023-07-24 01:20:21 --> Session: Class initialized using 'CodeIgniter\Session\Handlers\FileHandler' driver.
INFO - 2023-07-24 01:20:38 --> Session: Class initialized using 'CodeIgniter\Session\Handlers\FileHandler' driver.
INFO - 2023-07-24 01:20:51 --> Session: Class initialized using 'CodeIgniter\Session\Handlers\FileHandler' driver.
INFO - 2023-07-24 01:20:55 --> Session: Class initialized using 'CodeIgniter\Session\Handlers\FileHandler' driver.
INFO - 2023-07-24 01:20:57 --> Session: Class initialized using 'CodeIgniter\Session\Handlers\FileHandler' driver.
INFO - 2023-07-24 01:21:02 --> Session: Class initialized using 'CodeIgniter\Session\Handlers\FileHandler' driver.
INFO - 2023-07-24 01:21:18 --> Session: Class initialized using 'CodeIgniter\Session\Handlers\FileHandler' driver.
INFO - 2023-07-24 01:21:24 --> Session: Class initialized using 'CodeIgniter\Session\Handlers\FileHandler' driver.
INFO - 2023-07-24 01:21:27 --> Session: Class initialized using 'CodeIgniter\Session\Handlers\FileHandler' driver.
INFO - 2023-07-24 01:21:28 --> Session: Class initialized using 'CodeIgniter\Session\Handlers\FileHandler' driver.
INFO - 2023-07-24 01:21:31 --> Session: Class initialized using 'CodeIgniter\Session\Handlers\FileHandler' driver.
INFO - 2023-07-24 01:21:33 --> Session: Class initialized using 'CodeIgniter\Session\Handlers\FileHandler' driver.
INFO - 2023-07-24 01:21:36 --> Session: Class initialized using 'CodeIgniter\Session\Handlers\FileHandler' driver.
INFO - 2023-07-24 01:21:36 --> Session: Class initialized using 'CodeIgniter\Session\Handlers\FileHandler' driver.
INFO - 2023-07-24 01:21:39 --> Session: Class initialized using 'CodeIgniter\Session\Handlers\FileHandler' driver.
INFO - 2023-07-24 01:21:43 --> Session: Class initialized using 'CodeIgniter\Session\Handlers\FileHandler' driver.
INFO - 2023-07-24 01:21:51 --> Session: Class initialized using 'CodeIgniter\Session\Handlers\FileHandler' driver.
INFO - 2023-07-24 01:21:51 --> Session: Class initialized using 'CodeIgniter\Session\Handlers\FileHandler' driver.
INFO - 2023-07-24 01:21:54 --> Session: Class initialized using 'CodeIgniter\Session\Handlers\FileHandler' driver.
INFO - 2023-07-24 01:21:58 --> Session: Class initialized using 'CodeIgniter\Session\Handlers\FileHandler' driver.
INFO - 2023-07-24 01:22:00 --> Session: Class initialized using 'CodeIgniter\Session\Handlers\FileHandler' driver.
INFO - 2023-07-24 01:22:04 --> Session: Class initialized using 'CodeIgniter\Session\Handlers\FileHandler' driver.
INFO - 2023-07-24 01:23:18 --> Session: Class initialized using 'CodeIgniter\Session\Handlers\FileHandler' driver.
CRITICAL - 2023-07-24 01:23:18 --> Trying to access array offset on value of type null
in APPPATH\Views\v_template_anggota.php on line 71.
 1 APPPATH\Views\v_template_anggota.php(71): CodeIgniter\Debug\Exceptions->errorHandler(2, 'Trying to access array offset on value of type null', 'C:\\xampp\\htdocs\\perpus\\app\\Views\\v_template_anggota.php', 71)
 2 SYSTEMPATH\View\View.php(213): include('C:\\xampp\\htdocs\\perpus\\app\\Views\\v_template_anggota.php')
 3 SYSTEMPATH\View\View.php(216): CodeIgniter\View\View->CodeIgniter\View\{closure}()
 4 SYSTEMPATH\Common.php(1184): CodeIgniter\View\View->render('v_template_anggota', [], true)
 5 APPPATH\Controllers\DashboardAnggota.php(27): view('v_template_anggota', [...])
 6 SYSTEMPATH\CodeIgniter.php(934): App\Controllers\DashboardAnggota->index()
 7 SYSTEMPATH\CodeIgniter.php(499): CodeIgniter\CodeIgniter->runController(Object(App\Controllers\DashboardAnggota))
 8 SYSTEMPATH\CodeIgniter.php(368): CodeIgniter\CodeIgniter->handleRequest(null, Object(Config\Cache), false)
 9 FCPATH\index.php(67): CodeIgniter\CodeIgniter->run()
10 SYSTEMPATH\Commands\Server\rewrite.php(47): require_once('C:\\xampp\\htdocs\\perpus\\public\\index.php')
INFO - 2023-07-24 02:01:52 --> Session: Class initialized using 'CodeIgniter\Session\Handlers\FileHandler' driver.
CRITICAL - 2023-07-24 02:01:52 --> Trying to access array offset on value of type null
in APPPATH\Views\v_template_anggota.php on line 71.
 1 APPPATH\Views\v_template_anggota.php(71): CodeIgniter\Debug\Exceptions->errorHandler(2, 'Trying to access array offset on value of type null', 'C:\\xampp\\htdocs\\perpus\\app\\Views\\v_template_anggota.php', 71)
 2 SYSTEMPATH\View\View.php(213): include('C:\\xampp\\htdocs\\perpus\\app\\Views\\v_template_anggota.php')
 3 SYSTEMPATH\View\View.php(216): CodeIgniter\View\View->CodeIgniter\View\{closure}()
 4 SYSTEMPATH\Common.php(1184): CodeIgniter\View\View->render('v_template_anggota', [], true)
 5 APPPATH\Controllers\DashboardAnggota.php(27): view('v_template_anggota', [...])
 6 SYSTEMPATH\CodeIgniter.php(934): App\Controllers\DashboardAnggota->index()
 7 SYSTEMPATH\CodeIgniter.php(499): CodeIgniter\CodeIgniter->runController(Object(App\Controllers\DashboardAnggota))
 8 SYSTEMPATH\CodeIgniter.php(368): CodeIgniter\CodeIgniter->handleRequest(null, Object(Config\Cache), false)
 9 FCPATH\index.php(67): CodeIgniter\CodeIgniter->run()
10 SYSTEMPATH\Commands\Server\rewrite.php(47): require_once('C:\\xampp\\htdocs\\perpus\\public\\index.php')
INFO - 2023-07-24 02:01:55 --> Session: Class initialized using 'CodeIgniter\Session\Handlers\FileHandler' driver.
INFO - 2023-07-24 02:02:06 --> Session: Class initialized using 'CodeIgniter\Session\Handlers\FileHandler' driver.
INFO - 2023-07-24 02:02:09 --> Session: Class initialized using 'CodeIgniter\Session\Handlers\FileHandler' driver.
INFO - 2023-07-24 02:02:11 --> Session: Class initialized using 'CodeIgniter\Session\Handlers\FileHandler' driver.
INFO - 2023-07-24 02:02:12 --> Session: Class initialized using 'CodeIgniter\Session\Handlers\FileHandler' driver.
INFO - 2023-07-24 02:02:15 --> Session: Class initialized using 'CodeIgniter\Session\Handlers\FileHandler' driver.
INFO - 2023-07-24 02:02:24 --> Session: Class initialized using 'CodeIgniter\Session\Handlers\FileHandler' driver.
INFO - 2023-07-24 02:02:25 --> Session: Class initialized using 'CodeIgniter\Session\Handlers\FileHandler' driver.
INFO - 2023-07-24 02:02:36 --> Session: Class initialized using 'CodeIgniter\Session\Handlers\FileHandler' driver.
INFO - 2023-07-24 02:02:36 --> Session: Class initialized using 'CodeIgniter\Session\Handlers\FileHandler' driver.
INFO - 2023-07-24 02:02:39 --> Session: Class initialized using 'CodeIgniter\Session\Handlers\FileHandler' driver.
INFO - 2023-07-24 02:02:43 --> Session: Class initialized using 'CodeIgniter\Session\Handlers\FileHandler' driver.
INFO - 2023-07-24 02:02:44 --> Session: Class initialized using 'CodeIgniter\Session\Handlers\FileHandler' driver.
INFO - 2023-07-24 02:02:46 --> Session: Class initialized using 'CodeIgniter\Session\Handlers\FileHandler' driver.
INFO - 2023-07-24 02:40:40 --> Session: Class initialized using 'CodeIgniter\Session\Handlers\FileHandler' driver.
INFO - 2023-07-24 02:48:44 --> Session: Class initialized using 'CodeIgniter\Session\Handlers\FileHandler' driver.
INFO - 2023-07-24 02:48:47 --> Session: Class initialized using 'CodeIgniter\Session\Handlers\FileHandler' driver.
CRITICAL - 2023-07-24 02:48:47 --> strpos(): Argument #1 ($haystack) must be of type string, CodeIgniter\Database\MySQLi\Builder given
in SYSTEMPATH\Email\Email.php on line 737.
 1 SYSTEMPATH\Email\Email.php(737): strpos(Object(CodeIgniter\Database\MySQLi\Builder), ',')
 2 SYSTEMPATH\Email\Email.php(550): CodeIgniter\Email\Email->stringToArray(Object(CodeIgniter\Database\MySQLi\Builder))
 3 APPPATH\Controllers\Peminjaman.php(260): CodeIgniter\Email\Email->setTo(Object(CodeIgniter\Database\MySQLi\Builder))
 4 SYSTEMPATH\CodeIgniter.php(934): App\Controllers\Peminjaman->kirimEmail('14')
 5 SYSTEMPATH\CodeIgniter.php(499): CodeIgniter\CodeIgniter->runController(Object(App\Controllers\Peminjaman))
 6 SYSTEMPATH\CodeIgniter.php(368): CodeIgniter\CodeIgniter->handleRequest(null, Object(Config\Cache), false)
 7 FCPATH\index.php(67): CodeIgniter\CodeIgniter->run()
 8 SYSTEMPATH\Commands\Server\rewrite.php(47): require_once('C:\\xampp\\htdocs\\perpus\\public\\index.php')
INFO - 2023-07-24 02:57:41 --> Session: Class initialized using 'CodeIgniter\Session\Handlers\FileHandler' driver.
ERROR - 2023-07-24 02:57:41 --> mysqli_sql_exception: Unknown column 'id_pinjam' in 'where clause' in C:\xampp\htdocs\perpus\system\Database\MySQLi\Connection.php:295
Stack trace:
#0 C:\xampp\htdocs\perpus\system\Database\MySQLi\Connection.php(295): mysqli->query('SELECT *\nFROM `...', 0)
#1 C:\xampp\htdocs\perpus\system\Database\BaseConnection.php(692): CodeIgniter\Database\MySQLi\Connection->execute('SELECT *\nFROM `...')
#2 C:\xampp\htdocs\perpus\system\Database\BaseConnection.php(606): CodeIgniter\Database\BaseConnection->simpleQuery('SELECT *\nFROM `...')
#3 C:\xampp\htdocs\perpus\system\Database\BaseBuilder.php(1616): CodeIgniter\Database\BaseConnection->query('SELECT *\nFROM `...', Array, false)
#4 C:\xampp\htdocs\perpus\app\Models\ModelAnggota.php(39): CodeIgniter\Database\BaseBuilder->get()
#5 C:\xampp\htdocs\perpus\app\Controllers\Peminjaman.php(249): App\Models\ModelAnggota->getEmailPeminjam('14')
#6 C:\xampp\htdocs\perpus\system\CodeIgniter.php(934): App\Controllers\Peminjaman->kirimEmail('14')
#7 C:\xampp\htdocs\perpus\system\CodeIgniter.php(499): CodeIgniter\CodeIgniter->runController(Object(App\Controllers\Peminjaman))
#8 C:\xampp\htdocs\perpus\system\CodeIgniter.php(368): CodeIgniter\CodeIgniter->handleRequest(NULL, Object(Config\Cache), false)
#9 C:\xampp\htdocs\perpus\public\index.php(67): CodeIgniter\CodeIgniter->run()
#10 C:\xampp\htdocs\perpus\system\Commands\Server\rewrite.php(47): require_once('C:\\xampp\\htdocs...')
#11 {main}
CRITICAL - 2023-07-24 02:57:41 --> Unknown column 'id_pinjam' in 'where clause'
in SYSTEMPATH\Database\MySQLi\Connection.php on line 295.
 1 SYSTEMPATH\Database\MySQLi\Connection.php(295): mysqli->query('SELECT *
FROM `anggota_mahasiswa`
WHERE `id_pinjam` = \'14\'', 0)
 2 SYSTEMPATH\Database\BaseConnection.php(692): CodeIgniter\Database\MySQLi\Connection->execute('SELECT *
FROM `anggota_mahasiswa`
WHERE `id_pinjam` = \'14\'')
 3 SYSTEMPATH\Database\BaseConnection.php(606): CodeIgniter\Database\BaseConnection->simpleQuery('SELECT *
FROM `anggota_mahasiswa`
WHERE `id_pinjam` = \'14\'')
 4 SYSTEMPATH\Database\BaseBuilder.php(1616): CodeIgniter\Database\BaseConnection->query('SELECT *
FROM `anggota_mahasiswa`
WHERE `id_pinjam` = :id_pinjam:', [...], false)
 5 APPPATH\Models\ModelAnggota.php(39): CodeIgniter\Database\BaseBuilder->get()
 6 APPPATH\Controllers\Peminjaman.php(249): App\Models\ModelAnggota->getEmailPeminjam('14')
 7 SYSTEMPATH\CodeIgniter.php(934): App\Controllers\Peminjaman->kirimEmail('14')
 8 SYSTEMPATH\CodeIgniter.php(499): CodeIgniter\CodeIgniter->runController(Object(App\Controllers\Peminjaman))
 9 SYSTEMPATH\CodeIgniter.php(368): CodeIgniter\CodeIgniter->handleRequest(null, Object(Config\Cache), false)
10 FCPATH\index.php(67): CodeIgniter\CodeIgniter->run()
11 SYSTEMPATH\Commands\Server\rewrite.php(47): require_once('C:\\xampp\\htdocs\\perpus\\public\\index.php')
INFO - 2023-07-24 02:59:04 --> Session: Class initialized using 'CodeIgniter\Session\Handlers\FileHandler' driver.
ERROR - 2023-07-24 02:59:04 --> mysqli_sql_exception: Table 'db_perpus.peminjaman' doesn't exist in C:\xampp\htdocs\perpus\system\Database\MySQLi\Connection.php:295
Stack trace:
#0 C:\xampp\htdocs\perpus\system\Database\MySQLi\Connection.php(295): mysqli->query('SELECT *\nFROM `...', 0)
#1 C:\xampp\htdocs\perpus\system\Database\BaseConnection.php(692): CodeIgniter\Database\MySQLi\Connection->execute('SELECT *\nFROM `...')
#2 C:\xampp\htdocs\perpus\system\Database\BaseConnection.php(606): CodeIgniter\Database\BaseConnection->simpleQuery('SELECT *\nFROM `...')
#3 C:\xampp\htdocs\perpus\system\Database\BaseBuilder.php(1616): CodeIgniter\Database\BaseConnection->query('SELECT *\nFROM `...', Array, false)
#4 C:\xampp\htdocs\perpus\app\Models\ModelAnggota.php(39): CodeIgniter\Database\BaseBuilder->get()
#5 C:\xampp\htdocs\perpus\app\Controllers\Peminjaman.php(249): App\Models\ModelAnggota->getEmailPeminjam('14')
#6 C:\xampp\htdocs\perpus\system\CodeIgniter.php(934): App\Controllers\Peminjaman->kirimEmail('14')
#7 C:\xampp\htdocs\perpus\system\CodeIgniter.php(499): CodeIgniter\CodeIgniter->runController(Object(App\Controllers\Peminjaman))
#8 C:\xampp\htdocs\perpus\system\CodeIgniter.php(368): CodeIgniter\CodeIgniter->handleRequest(NULL, Object(Config\Cache), false)
#9 C:\xampp\htdocs\perpus\public\index.php(67): CodeIgniter\CodeIgniter->run()
#10 C:\xampp\htdocs\perpus\system\Commands\Server\rewrite.php(47): require_once('C:\\xampp\\htdocs...')
#11 {main}
CRITICAL - 2023-07-24 02:59:04 --> Table 'db_perpus.peminjaman' doesn't exist
in SYSTEMPATH\Database\MySQLi\Connection.php on line 295.
 1 SYSTEMPATH\Database\MySQLi\Connection.php(295): mysqli->query('SELECT *
FROM `peminjaman`
WHERE `id_pinjam` = \'14\'', 0)
 2 SYSTEMPATH\Database\BaseConnection.php(692): CodeIgniter\Database\MySQLi\Connection->execute('SELECT *
FROM `peminjaman`
WHERE `id_pinjam` = \'14\'')
 3 SYSTEMPATH\Database\BaseConnection.php(606): CodeIgniter\Database\BaseConnection->simpleQuery('SELECT *
FROM `peminjaman`
WHERE `id_pinjam` = \'14\'')
 4 SYSTEMPATH\Database\BaseBuilder.php(1616): CodeIgniter\Database\BaseConnection->query('SELECT *
FROM `peminjaman`
WHERE `id_pinjam` = :id_pinjam:', [...], false)
 5 APPPATH\Models\ModelAnggota.php(39): CodeIgniter\Database\BaseBuilder->get()
 6 APPPATH\Controllers\Peminjaman.php(249): App\Models\ModelAnggota->getEmailPeminjam('14')
 7 SYSTEMPATH\CodeIgniter.php(934): App\Controllers\Peminjaman->kirimEmail('14')
 8 SYSTEMPATH\CodeIgniter.php(499): CodeIgniter\CodeIgniter->runController(Object(App\Controllers\Peminjaman))
 9 SYSTEMPATH\CodeIgniter.php(368): CodeIgniter\CodeIgniter->handleRequest(null, Object(Config\Cache), false)
10 FCPATH\index.php(67): CodeIgniter\CodeIgniter->run()
11 SYSTEMPATH\Commands\Server\rewrite.php(47): require_once('C:\\xampp\\htdocs\\perpus\\public\\index.php')
INFO - 2023-07-24 02:59:13 --> Session: Class initialized using 'CodeIgniter\Session\Handlers\FileHandler' driver.
CRITICAL - 2023-07-24 02:59:13 --> Undefined array key "email"
in APPPATH\Models\ModelAnggota.php on line 44.
 1 APPPATH\Models\ModelAnggota.php(44): CodeIgniter\Debug\Exceptions->errorHandler(2, 'Undefined array key "email"', 'C:\\xampp\\htdocs\\perpus\\app\\Models\\ModelAnggota.php', 44)
 2 APPPATH\Controllers\Peminjaman.php(249): App\Models\ModelAnggota->getEmailPeminjam('14')
 3 SYSTEMPATH\CodeIgniter.php(934): App\Controllers\Peminjaman->kirimEmail('14')
 4 SYSTEMPATH\CodeIgniter.php(499): CodeIgniter\CodeIgniter->runController(Object(App\Controllers\Peminjaman))
 5 SYSTEMPATH\CodeIgniter.php(368): CodeIgniter\CodeIgniter->handleRequest(null, Object(Config\Cache), false)
 6 FCPATH\index.php(67): CodeIgniter\CodeIgniter->run()
 7 SYSTEMPATH\Commands\Server\rewrite.php(47): require_once('C:\\xampp\\htdocs\\perpus\\public\\index.php')
INFO - 2023-07-24 03:01:03 --> Session: Class initialized using 'CodeIgniter\Session\Handlers\FileHandler' driver.
ERROR - 2023-07-24 03:01:05 --> Email: Unable to send email using SMTP. Your server might not be configured to send mail using this method.
ERROR - 2023-07-24 03:01:05 --> 220 smtp.gmail.com ESMTP b12-20020aa7810c000000b006765cb3255asm6562297pfi.68 - gsmtp

hello: 250-smtp.gmail.com at your service, [140.213.1.90]
250-SIZE 35882577
250-8BITMIME
250-AUTH LOGIN PLAIN XOAUTH2 PLAIN-CLIENTTOKEN OAUTHBEARER XOAUTH
250-ENHANCEDSTATUSCODES
250-PIPELINING
250-CHUNKING
250 SMTPUTF8

Failed to authenticate password. Error: 534-5.7.9 Application-specific password required. Learn more at
534 5.7.9  https://support.google.com/mail/?p=InvalidSecondFactor b12-20020aa7810c000000b006765cb3255asm6562297pfi.68 - gsmtp

INFO - 2023-07-24 03:01:05 --> Session: Class initialized using 'CodeIgniter\Session\Handlers\FileHandler' driver.
INFO - 2023-07-24 03:01:45 --> Session: Class initialized using 'CodeIgniter\Session\Handlers\FileHandler' driver.
ERROR - 2023-07-24 03:01:47 --> Email: Unable to send email using SMTP. Your server might not be configured to send mail using this method.
ERROR - 2023-07-24 03:01:47 --> 220 smtp.gmail.com ESMTP 7-20020a17090a000700b002630c9d78aasm3901094pja.5 - gsmtp

hello: 250-smtp.gmail.com at your service, [140.213.1.90]
250-SIZE 35882577
250-8BITMIME
250-AUTH LOGIN PLAIN XOAUTH2 PLAIN-CLIENTTOKEN OAUTHBEARER XOAUTH
250-ENHANCEDSTATUSCODES
250-PIPELINING
250-CHUNKING
250 SMTPUTF8

Failed to authenticate password. Error: 534-5.7.9 Application-specific password required. Learn more at
534 5.7.9  https://support.google.com/mail/?p=InvalidSecondFactor 7-20020a17090a000700b002630c9d78aasm3901094pja.5 - gsmtp

INFO - 2023-07-24 03:01:48 --> Session: Class initialized using 'CodeIgniter\Session\Handlers\FileHandler' driver.
INFO - 2023-07-24 03:11:55 --> Session: Class initialized using 'CodeIgniter\Session\Handlers\FileHandler' driver.
INFO - 2023-07-24 03:11:58 --> Session: Class initialized using 'CodeIgniter\Session\Handlers\FileHandler' driver.
ERROR - 2023-07-24 03:11:59 --> Email: Unable to send email using SMTP. Your server might not be configured to send mail using this method.
ERROR - 2023-07-24 03:11:59 --> 220 smtp.gmail.com ESMTP ix20-20020a170902f81400b001b80760fd04sm1081833plb.112 - gsmtp

hello: 250-smtp.gmail.com at your service, [140.213.1.90]
250-SIZE 35882577
250-8BITMIME
250-AUTH LOGIN PLAIN XOAUTH2 PLAIN-CLIENTTOKEN OAUTHBEARER XOAUTH
250-ENHANCEDSTATUSCODES
250-PIPELINING
250-CHUNKING
250 SMTPUTF8

Failed to authenticate password. Error: 534-5.7.9 Application-specific password required. Learn more at
534 5.7.9  https://support.google.com/mail/?p=InvalidSecondFactor ix20-20020a170902f81400b001b80760fd04sm1081833plb.112 - gsmtp

INFO - 2023-07-24 03:12:00 --> Session: Class initialized using 'CodeIgniter\Session\Handlers\FileHandler' driver.
INFO - 2023-07-24 03:12:03 --> Session: Class initialized using 'CodeIgniter\Session\Handlers\FileHandler' driver.
ERROR - 2023-07-24 03:12:05 --> Email: Unable to send email using SMTP. Your server might not be configured to send mail using this method.
ERROR - 2023-07-24 03:12:05 --> 220 smtp.gmail.com ESMTP bj3-20020a170902850300b001b7cbc5871csm7549948plb.53 - gsmtp

hello: 250-smtp.gmail.com at your service, [140.213.1.90]
250-SIZE 35882577
250-8BITMIME
250-AUTH LOGIN PLAIN XOAUTH2 PLAIN-CLIENTTOKEN OAUTHBEARER XOAUTH
250-ENHANCEDSTATUSCODES
250-PIPELINING
250-CHUNKING
250 SMTPUTF8

Failed to authenticate password. Error: 534-5.7.9 Application-specific password required. Learn more at
534 5.7.9  https://support.google.com/mail/?p=InvalidSecondFactor bj3-20020a170902850300b001b7cbc5871csm7549948plb.53 - gsmtp

INFO - 2023-07-24 03:12:05 --> Session: Class initialized using 'CodeIgniter\Session\Handlers\FileHandler' driver.
INFO - 2023-07-24 03:14:51 --> Session: Class initialized using 'CodeIgniter\Session\Handlers\FileHandler' driver.
ERROR - 2023-07-24 03:14:53 --> Email: Unable to send email using SMTP. Your server might not be configured to send mail using this method.
ERROR - 2023-07-24 03:14:53 --> 220 smtp.gmail.com ESMTP d12-20020a170902728c00b001b86deba2f9sm7530277pll.284 - gsmtp

hello: 250-smtp.gmail.com at your service, [140.213.1.90]
250-SIZE 35882577
250-8BITMIME
250-AUTH LOGIN PLAIN XOAUTH2 PLAIN-CLIENTTOKEN OAUTHBEARER XOAUTH
250-ENHANCEDSTATUSCODES
250-PIPELINING
250-CHUNKING
250 SMTPUTF8

Failed to authenticate password. Error: 534-5.7.9 Application-specific password required. Learn more at
534 5.7.9  https://support.google.com/mail/?p=InvalidSecondFactor d12-20020a170902728c00b001b86deba2f9sm7530277pll.284 - gsmtp

INFO - 2023-07-24 03:14:53 --> Session: Class initialized using 'CodeIgniter\Session\Handlers\FileHandler' driver.
INFO - 2023-07-24 04:47:14 --> Session: Class initialized using 'CodeIgniter\Session\Handlers\FileHandler' driver.
INFO - 2023-07-24 04:47:35 --> Session: Class initialized using 'CodeIgniter\Session\Handlers\FileHandler' driver.
ERROR - 2023-07-24 04:47:36 --> Email: Unable to send email using SMTP. Your server might not be configured to send mail using this method.
ERROR - 2023-07-24 04:47:36 --> 220 smtp.gmail.com ESMTP x26-20020a62fb1a000000b0066a65d4648bsm6632587pfm.151 - gsmtp

hello: 250-smtp.gmail.com at your service, [140.213.1.90]
250-SIZE 35882577
250-8BITMIME
250-AUTH LOGIN PLAIN XOAUTH2 PLAIN-CLIENTTOKEN OAUTHBEARER XOAUTH
250-ENHANCEDSTATUSCODES
250-PIPELINING
250-CHUNKING
250 SMTPUTF8

Failed to authenticate password. Error: 534-5.7.9 Application-specific password required. Learn more at
534 5.7.9  https://support.google.com/mail/?p=InvalidSecondFactor x26-20020a62fb1a000000b0066a65d4648bsm6632587pfm.151 - gsmtp

INFO - 2023-07-24 04:47:37 --> Session: Class initialized using 'CodeIgniter\Session\Handlers\FileHandler' driver.
INFO - 2023-07-24 04:50:01 --> Session: Class initialized using 'CodeIgniter\Session\Handlers\FileHandler' driver.
INFO - 2023-07-24 04:50:03 --> Session: Class initialized using 'CodeIgniter\Session\Handlers\FileHandler' driver.
ERROR - 2023-07-24 04:50:04 --> Email: Unable to send email using SMTP. Your server might not be configured to send mail using this method.
ERROR - 2023-07-24 04:50:04 --> 220 smtp.gmail.com ESMTP ji17-20020a170903325100b001a6f7744a27sm7739824plb.87 - gsmtp

hello: 250-smtp.gmail.com at your service, [140.213.1.90]
250-SIZE 35882577
250-8BITMIME
250-STARTTLS
250-ENHANCEDSTATUSCODES
250-PIPELINING
250-CHUNKING
250 SMTPUTF8

Failed to send AUTH LOGIN command. Error: 530 5.7.0 Must issue a STARTTLS command first. ji17-20020a170903325100b001a6f7744a27sm7739824plb.87 - gsmtp

INFO - 2023-07-24 04:50:05 --> Session: Class initialized using 'CodeIgniter\Session\Handlers\FileHandler' driver.
INFO - 2023-07-24 04:53:23 --> Session: Class initialized using 'CodeIgniter\Session\Handlers\FileHandler' driver.
ERROR - 2023-07-24 04:53:24 --> Email: Unable to send email using SMTP. Your server might not be configured to send mail using this method.
ERROR - 2023-07-24 04:53:24 --> 220 smtp.gmail.com ESMTP jf6-20020a170903268600b001b801044466sm7777517plb.114 - gsmtp

hello: 250-smtp.gmail.com at your service, [140.213.1.90]
250-SIZE 35882577
250-8BITMIME
250-STARTTLS
250-ENHANCEDSTATUSCODES
250-PIPELINING
250-CHUNKING
250 SMTPUTF8

Failed to send AUTH LOGIN command. Error: 530 5.7.0 Must issue a STARTTLS command first. jf6-20020a170903268600b001b801044466sm7777517plb.114 - gsmtp

INFO - 2023-07-24 04:53:25 --> Session: Class initialized using 'CodeIgniter\Session\Handlers\FileHandler' driver.
INFO - 2023-07-24 04:54:16 --> Session: Class initialized using 'CodeIgniter\Session\Handlers\FileHandler' driver.
ERROR - 2023-07-24 04:54:17 --> Email: Unable to send email using SMTP. Your server might not be configured to send mail using this method.
ERROR - 2023-07-24 04:54:17 --> 220 smtp.gmail.com ESMTP g13-20020a170902868d00b001b85a4821f8sm7694168plo.276 - gsmtp

hello: 250-smtp.gmail.com at your service, [140.213.1.90]
250-SIZE 35882577
250-8BITMIME
250-STARTTLS
250-ENHANCEDSTATUSCODES
250-PIPELINING
250-CHUNKING
250 SMTPUTF8

Failed to send AUTH LOGIN command. Error: 530 5.7.0 Must issue a STARTTLS command first. g13-20020a170902868d00b001b85a4821f8sm7694168plo.276 - gsmtp

INFO - 2023-07-24 04:54:17 --> Session: Class initialized using 'CodeIgniter\Session\Handlers\FileHandler' driver.
INFO - 2023-07-24 04:56:04 --> Session: Class initialized using 'CodeIgniter\Session\Handlers\FileHandler' driver.
ERROR - 2023-07-24 04:56:05 --> Email: Unable to send email using SMTP. Your server might not be configured to send mail using this method.
ERROR - 2023-07-24 04:56:05 --> 220 smtp.gmail.com ESMTP b23-20020aa78717000000b0068620bee456sm4172261pfo.209 - gsmtp

hello: 250-smtp.gmail.com at your service, [140.213.1.90]
250-SIZE 35882577
250-8BITMIME
250-STARTTLS
250-ENHANCEDSTATUSCODES
250-PIPELINING
250-CHUNKING
250 SMTPUTF8

Failed to send AUTH LOGIN command. Error: 530 5.7.0 Must issue a STARTTLS command first. b23-20020aa78717000000b0068620bee456sm4172261pfo.209 - gsmtp

INFO - 2023-07-24 04:56:05 --> Session: Class initialized using 'CodeIgniter\Session\Handlers\FileHandler' driver.
INFO - 2023-07-24 05:04:59 --> Session: Class initialized using 'CodeIgniter\Session\Handlers\FileHandler' driver.
INFO - 2023-07-24 05:05:04 --> Session: Class initialized using 'CodeIgniter\Session\Handlers\FileHandler' driver.
ERROR - 2023-07-24 05:05:05 --> Email: Unable to send email using SMTP. Your server might not be configured to send mail using this method.
ERROR - 2023-07-24 05:05:05 --> 220 smtp.gmail.com ESMTP m12-20020a170902768c00b001b8062c1db3sm7746072pll.82 - gsmtp

hello: 250-smtp.gmail.com at your service, [140.213.1.90]
250-SIZE 35882577
250-8BITMIME
250-STARTTLS
250-ENHANCEDSTATUSCODES
250-PIPELINING
250-CHUNKING
250 SMTPUTF8

Failed to send AUTH LOGIN command. Error: 530 5.7.0 Must issue a STARTTLS command first. m12-20020a170902768c00b001b8062c1db3sm7746072pll.82 - gsmtp

INFO - 2023-07-24 05:05:06 --> Session: Class initialized using 'CodeIgniter\Session\Handlers\FileHandler' driver.
INFO - 2023-07-24 05:13:40 --> Session: Class initialized using 'CodeIgniter\Session\Handlers\FileHandler' driver.
INFO - 2023-07-24 05:13:42 --> Session: Class initialized using 'CodeIgniter\Session\Handlers\FileHandler' driver.
ERROR - 2023-07-24 05:13:43 --> Email: Unable to send email using SMTP. Your server might not be configured to send mail using this method.
ERROR - 2023-07-24 05:13:43 --> 220 smtp.gmail.com ESMTP d14-20020a170903230e00b001bb97e51ab4sm2074361plh.98 - gsmtp

hello: 250-smtp.gmail.com at your service, [140.213.1.90]
250-SIZE 35882577
250-8BITMIME
250-STARTTLS
250-ENHANCEDSTATUSCODES
250-PIPELINING
250-CHUNKING
250 SMTPUTF8

Failed to send AUTH LOGIN command. Error: 530 5.7.0 Must issue a STARTTLS command first. d14-20020a170903230e00b001bb97e51ab4sm2074361plh.98 - gsmtp

INFO - 2023-07-24 05:13:43 --> Session: Class initialized using 'CodeIgniter\Session\Handlers\FileHandler' driver.
INFO - 2023-07-24 05:13:48 --> Session: Class initialized using 'CodeIgniter\Session\Handlers\FileHandler' driver.
ERROR - 2023-07-24 05:13:49 --> Email: Unable to send email using SMTP. Your server might not be configured to send mail using this method.
ERROR - 2023-07-24 05:13:49 --> 220 smtp.gmail.com ESMTP w20-20020a1709027b9400b001b392bf9192sm342899pll.145 - gsmtp

hello: 250-smtp.gmail.com at your service, [140.213.1.90]
250-SIZE 35882577
250-8BITMIME
250-STARTTLS
250-ENHANCEDSTATUSCODES
250-PIPELINING
250-CHUNKING
250 SMTPUTF8

Failed to send AUTH LOGIN command. Error: 530 5.7.0 Must issue a STARTTLS command first. w20-20020a1709027b9400b001b392bf9192sm342899pll.145 - gsmtp

INFO - 2023-07-24 05:13:49 --> Session: Class initialized using 'CodeIgniter\Session\Handlers\FileHandler' driver.
INFO - 2023-07-24 05:14:18 --> Session: Class initialized using 'CodeIgniter\Session\Handlers\FileHandler' driver.
INFO - 2023-07-24 05:15:37 --> Session: Class initialized using 'CodeIgniter\Session\Handlers\FileHandler' driver.
ERROR - 2023-07-24 05:15:38 --> Email: Unable to send email using SMTP. Your server might not be configured to send mail using this method.
ERROR - 2023-07-24 05:15:38 --> 220 smtp.gmail.com ESMTP t29-20020a63b25d000000b0051b8172fa68sm7613709pgo.38 - gsmtp

hello: 250-smtp.gmail.com at your service, [140.213.1.90]
250-SIZE 35882577
250-8BITMIME
250-STARTTLS
250-ENHANCEDSTATUSCODES
250-PIPELINING
250-CHUNKING
250 SMTPUTF8

Failed to send AUTH LOGIN command. Error: 530 5.7.0 Must issue a STARTTLS command first. t29-20020a63b25d000000b0051b8172fa68sm7613709pgo.38 - gsmtp

INFO - 2023-07-24 05:15:39 --> Session: Class initialized using 'CodeIgniter\Session\Handlers\FileHandler' driver.
INFO - 2023-07-24 05:17:43 --> Session: Class initialized using 'CodeIgniter\Session\Handlers\FileHandler' driver.
ERROR - 2023-07-24 05:17:44 --> Email: Unable to send email using SMTP. Your server might not be configured to send mail using this method.
ERROR - 2023-07-24 05:17:44 --> 220 smtp.gmail.com ESMTP 10-20020a170902c14a00b001bb3dac1577sm7784282plj.95 - gsmtp

hello: 250-smtp.gmail.com at your service, [140.213.1.90]
250-SIZE 35882577
250-8BITMIME
250-STARTTLS
250-ENHANCEDSTATUSCODES
250-PIPELINING
250-CHUNKING
250 SMTPUTF8

Failed to send AUTH LOGIN command. Error: 530 5.7.0 Must issue a STARTTLS command first. 10-20020a170902c14a00b001bb3dac1577sm7784282plj.95 - gsmtp

INFO - 2023-07-24 05:17:45 --> Session: Class initialized using 'CodeIgniter\Session\Handlers\FileHandler' driver.
INFO - 2023-07-24 05:18:01 --> Session: Class initialized using 'CodeIgniter\Session\Handlers\FileHandler' driver.
ERROR - 2023-07-24 05:18:02 --> Email: Unable to send email using SMTP. Your server might not be configured to send mail using this method.
ERROR - 2023-07-24 05:18:02 --> 220 smtp.gmail.com ESMTP x23-20020a170902b41700b001b9d88a4d1asm7722078plr.289 - gsmtp

hello: 250-smtp.gmail.com at your service, [140.213.1.90]
250-SIZE 35882577
250-8BITMIME
250-STARTTLS
250-ENHANCEDSTATUSCODES
250-PIPELINING
250-CHUNKING
250 SMTPUTF8

Failed to send AUTH LOGIN command. Error: 530 5.7.0 Must issue a STARTTLS command first. x23-20020a170902b41700b001b9d88a4d1asm7722078plr.289 - gsmtp

INFO - 2023-07-24 05:18:03 --> Session: Class initialized using 'CodeIgniter\Session\Handlers\FileHandler' driver.
INFO - 2023-07-24 05:19:31 --> Session: Class initialized using 'CodeIgniter\Session\Handlers\FileHandler' driver.
ERROR - 2023-07-24 05:19:32 --> Email: Unable to send email using SMTP. Your server might not be configured to send mail using this method.
ERROR - 2023-07-24 05:19:32 --> 220 smtp.gmail.com ESMTP h9-20020a170902748900b001b567bbe82dsm7807125pll.150 - gsmtp

hello: 250-smtp.gmail.com at your service, [140.213.1.90]
250-SIZE 35882577
250-8BITMIME
250-STARTTLS
250-ENHANCEDSTATUSCODES
250-PIPELINING
250-CHUNKING
250 SMTPUTF8

Failed to send AUTH LOGIN command. Error: 530 5.7.0 Must issue a STARTTLS command first. h9-20020a170902748900b001b567bbe82dsm7807125pll.150 - gsmtp

INFO - 2023-07-24 05:19:32 --> Session: Class initialized using 'CodeIgniter\Session\Handlers\FileHandler' driver.
INFO - 2023-07-24 05:19:54 --> Session: Class initialized using 'CodeIgniter\Session\Handlers\FileHandler' driver.
ERROR - 2023-07-24 05:19:55 --> Email: Unable to send email using SMTP. Your server might not be configured to send mail using this method.
ERROR - 2023-07-24 05:19:55 --> 220 smtp.gmail.com ESMTP d5-20020a17090a8d8500b0025bd4db25f0sm5747647pjo.53 - gsmtp

hello: 250-smtp.gmail.com at your service, [140.213.1.90]
250-SIZE 35882577
250-8BITMIME
250-STARTTLS
250-ENHANCEDSTATUSCODES
250-PIPELINING
250-CHUNKING
250 SMTPUTF8

Failed to send AUTH LOGIN command. Error: 530 5.7.0 Must issue a STARTTLS command first. d5-20020a17090a8d8500b0025bd4db25f0sm5747647pjo.53 - gsmtp

INFO - 2023-07-24 05:19:56 --> Session: Class initialized using 'CodeIgniter\Session\Handlers\FileHandler' driver.
INFO - 2023-07-24 05:23:16 --> Session: Class initialized using 'CodeIgniter\Session\Handlers\FileHandler' driver.
INFO - 2023-07-24 05:23:19 --> Session: Class initialized using 'CodeIgniter\Session\Handlers\FileHandler' driver.
CRITICAL - 2023-07-24 05:23:19 --> You must set the database table to be used with your query.
in SYSTEMPATH\Database\BaseConnection.php on line 883.
 1 SYSTEMPATH\Model.php(642): CodeIgniter\Database\BaseConnection->table(null)
 2 SYSTEMPATH\Model.php(832): CodeIgniter\Model->builder()
 3 APPPATH\Controllers\Peminjaman.php(249): CodeIgniter\Model->__call('getEmailPeminjam', [...])
 4 SYSTEMPATH\CodeIgniter.php(934): App\Controllers\Peminjaman->kirimEmail('14')
 5 SYSTEMPATH\CodeIgniter.php(499): CodeIgniter\CodeIgniter->runController(Object(App\Controllers\Peminjaman))
 6 SYSTEMPATH\CodeIgniter.php(368): CodeIgniter\CodeIgniter->handleRequest(null, Object(Config\Cache), false)
 7 FCPATH\index.php(67): CodeIgniter\CodeIgniter->run()
 8 SYSTEMPATH\Commands\Server\rewrite.php(47): require_once('C:\\xampp\\htdocs\\perpus\\public\\index.php')
INFO - 2023-07-24 05:23:34 --> Session: Class initialized using 'CodeIgniter\Session\Handlers\FileHandler' driver.
ERROR - 2023-07-24 05:23:35 --> Email: Unable to send email using SMTP. Your server might not be configured to send mail using this method.
ERROR - 2023-07-24 05:23:35 --> 220 smtp.gmail.com ESMTP m17-20020aa78a11000000b00682b4e5246csm6825909pfa.23 - gsmtp

hello: 250-smtp.gmail.com at your service, [140.213.1.90]
250-SIZE 35882577
250-8BITMIME
250-STARTTLS
250-ENHANCEDSTATUSCODES
250-PIPELINING
250-CHUNKING
250 SMTPUTF8

Failed to send AUTH LOGIN command. Error: 530 5.7.0 Must issue a STARTTLS command first. m17-20020aa78a11000000b00682b4e5246csm6825909pfa.23 - gsmtp

INFO - 2023-07-24 05:23:36 --> Session: Class initialized using 'CodeIgniter\Session\Handlers\FileHandler' driver.
INFO - 2023-07-24 05:23:39 --> Session: Class initialized using 'CodeIgniter\Session\Handlers\FileHandler' driver.
ERROR - 2023-07-24 05:23:41 --> Email: Unable to send email using SMTP. Your server might not be configured to send mail using this method.
ERROR - 2023-07-24 05:23:41 --> 220 smtp.gmail.com ESMTP y17-20020a17090322d100b001ae0152d280sm7797685plg.193 - gsmtp

hello: 250-smtp.gmail.com at your service, [140.213.1.90]
250-SIZE 35882577
250-8BITMIME
250-STARTTLS
250-ENHANCEDSTATUSCODES
250-PIPELINING
250-CHUNKING
250 SMTPUTF8

Failed to send AUTH LOGIN command. Error: 530 5.7.0 Must issue a STARTTLS command first. y17-20020a17090322d100b001ae0152d280sm7797685plg.193 - gsmtp

INFO - 2023-07-24 05:23:41 --> Session: Class initialized using 'CodeIgniter\Session\Handlers\FileHandler' driver.
INFO - 2023-07-24 05:44:20 --> Session: Class initialized using 'CodeIgniter\Session\Handlers\FileHandler' driver.
INFO - 2023-07-24 05:44:24 --> Session: Class initialized using 'CodeIgniter\Session\Handlers\FileHandler' driver.
INFO - 2023-07-24 05:44:26 --> Session: Class initialized using 'CodeIgniter\Session\Handlers\FileHandler' driver.
CRITICAL - 2023-07-24 05:44:26 --> trim(): Argument #1 ($string) must be of type string, array given
in VENDORPATH\phpmailer\phpmailer\src\PHPMailer.php on line 1080.
 1 VENDORPATH\phpmailer\phpmailer\src\PHPMailer.php(1080): trim([...])
 2 VENDORPATH\phpmailer\phpmailer\src\PHPMailer.php(1014): PHPMailer\PHPMailer\PHPMailer->addOrEnqueueAnAddress('to', [...], '')
 3 APPPATH\Libraries\Emailsender.php(26): PHPMailer\PHPMailer\PHPMailer->addAddress([...])
 4 APPPATH\Controllers\Peminjaman.php(262): App\Libraries\EmailSender->sendEmail([...], 'Peminjaman Mendekati Waktu Limit', 'Peminjaman Anda akan segera berakhir pada tanggal 25 July 2023.')
 5 SYSTEMPATH\CodeIgniter.php(934): App\Controllers\Peminjaman->kirimEmail('17')
 6 SYSTEMPATH\CodeIgniter.php(499): CodeIgniter\CodeIgniter->runController(Object(App\Controllers\Peminjaman))
 7 SYSTEMPATH\CodeIgniter.php(368): CodeIgniter\CodeIgniter->handleRequest(null, Object(Config\Cache), false)
 8 FCPATH\index.php(67): CodeIgniter\CodeIgniter->run()
 9 SYSTEMPATH\Commands\Server\rewrite.php(47): require_once('C:\\xampp\\htdocs\\perpus\\public\\index.php')
INFO - 2023-07-24 05:48:00 --> Session: Class initialized using 'CodeIgniter\Session\Handlers\FileHandler' driver.
CRITICAL - 2023-07-24 05:48:00 --> trim(): Argument #1 ($string) must be of type string, array given
in VENDORPATH\phpmailer\phpmailer\src\PHPMailer.php on line 1080.
 1 VENDORPATH\phpmailer\phpmailer\src\PHPMailer.php(1080): trim([...])
 2 VENDORPATH\phpmailer\phpmailer\src\PHPMailer.php(1014): PHPMailer\PHPMailer\PHPMailer->addOrEnqueueAnAddress('to', [...], '')
 3 APPPATH\Libraries\Emailsender.php(26): PHPMailer\PHPMailer\PHPMailer->addAddress([...])
 4 APPPATH\Controllers\Peminjaman.php(262): App\Libraries\EmailSender->sendEmail([...], 'Peminjaman Mendekati Waktu Limit', 'Peminjaman Anda akan segera berakhir pada tanggal 25 July 2023.')
 5 SYSTEMPATH\CodeIgniter.php(934): App\Controllers\Peminjaman->kirimEmail('17')
 6 SYSTEMPATH\CodeIgniter.php(499): CodeIgniter\CodeIgniter->runController(Object(App\Controllers\Peminjaman))
 7 SYSTEMPATH\CodeIgniter.php(368): CodeIgniter\CodeIgniter->handleRequest(null, Object(Config\Cache), false)
 8 FCPATH\index.php(67): CodeIgniter\CodeIgniter->run()
 9 SYSTEMPATH\Commands\Server\rewrite.php(47): require_once('C:\\xampp\\htdocs\\perpus\\public\\index.php')
INFO - 2023-07-24 05:50:34 --> Session: Class initialized using 'CodeIgniter\Session\Handlers\FileHandler' driver.
CRITICAL - 2023-07-24 05:50:34 --> trim(): Argument #1 ($string) must be of type string, array given
in VENDORPATH\phpmailer\phpmailer\src\PHPMailer.php on line 1080.
 1 VENDORPATH\phpmailer\phpmailer\src\PHPMailer.php(1080): trim([...])
 2 VENDORPATH\phpmailer\phpmailer\src\PHPMailer.php(1014): PHPMailer\PHPMailer\PHPMailer->addOrEnqueueAnAddress('to', [...], '')
 3 APPPATH\Libraries\EmailSender.php(26): PHPMailer\PHPMailer\PHPMailer->addAddress([...])
 4 APPPATH\Controllers\Peminjaman.php(262): App\Libraries\EmailSender->sendEmail([...], 'Peminjaman Mendekati Waktu Limit', 'Peminjaman Anda akan segera berakhir pada tanggal 25 July 2023.')
 5 SYSTEMPATH\CodeIgniter.php(934): App\Controllers\Peminjaman->kirimEmail('17')
 6 SYSTEMPATH\CodeIgniter.php(499): CodeIgniter\CodeIgniter->runController(Object(App\Controllers\Peminjaman))
 7 SYSTEMPATH\CodeIgniter.php(368): CodeIgniter\CodeIgniter->handleRequest(null, Object(Config\Cache), false)
 8 FCPATH\index.php(67): CodeIgniter\CodeIgniter->run()
 9 SYSTEMPATH\Commands\Server\rewrite.php(47): require_once('C:\\xampp\\htdocs\\perpus\\public\\index.php')
INFO - 2023-07-24 05:52:58 --> Session: Class initialized using 'CodeIgniter\Session\Handlers\FileHandler' driver.
CRITICAL - 2023-07-24 05:52:58 --> trim(): Argument #1 ($string) must be of type string, array given
in VENDORPATH\phpmailer\phpmailer\src\PHPMailer.php on line 1080.
 1 VENDORPATH\phpmailer\phpmailer\src\PHPMailer.php(1080): trim([...])
 2 VENDORPATH\phpmailer\phpmailer\src\PHPMailer.php(1014): PHPMailer\PHPMailer\PHPMailer->addOrEnqueueAnAddress('to', [...], '')
 3 APPPATH\Libraries\EmailSender.php(26): PHPMailer\PHPMailer\PHPMailer->addAddress([...])
 4 APPPATH\Controllers\Peminjaman.php(262): App\Libraries\EmailSender->sendEmail([...], 'Peminjaman Mendekati Waktu Limit', 'Peminjaman Anda akan segera berakhir pada tanggal 25 July 2023.')
 5 SYSTEMPATH\CodeIgniter.php(934): App\Controllers\Peminjaman->kirimEmail('17')
 6 SYSTEMPATH\CodeIgniter.php(499): CodeIgniter\CodeIgniter->runController(Object(App\Controllers\Peminjaman))
 7 SYSTEMPATH\CodeIgniter.php(368): CodeIgniter\CodeIgniter->handleRequest(null, Object(Config\Cache), false)
 8 FCPATH\index.php(67): CodeIgniter\CodeIgniter->run()
 9 SYSTEMPATH\Commands\Server\rewrite.php(47): require_once('C:\\xampp\\htdocs\\perpus\\public\\index.php')
INFO - 2023-07-24 05:53:31 --> Session: Class initialized using 'CodeIgniter\Session\Handlers\FileHandler' driver.
INFO - 2023-07-24 05:53:31 --> Session: Class initialized using 'CodeIgniter\Session\Handlers\FileHandler' driver.
INFO - 2023-07-24 05:54:37 --> Session: Class initialized using 'CodeIgniter\Session\Handlers\FileHandler' driver.
INFO - 2023-07-24 05:54:37 --> Session: Class initialized using 'CodeIgniter\Session\Handlers\FileHandler' driver.
INFO - 2023-07-24 05:55:14 --> Session: Class initialized using 'CodeIgniter\Session\Handlers\FileHandler' driver.
INFO - 2023-07-24 05:55:17 --> Session: Class initialized using 'CodeIgniter\Session\Handlers\FileHandler' driver.
CRITICAL - 2023-07-24 05:55:17 --> trim(): Argument #1 ($string) must be of type string, array given
in VENDORPATH\phpmailer\phpmailer\src\PHPMailer.php on line 1080.
 1 VENDORPATH\phpmailer\phpmailer\src\PHPMailer.php(1080): trim([...])
 2 VENDORPATH\phpmailer\phpmailer\src\PHPMailer.php(1014): PHPMailer\PHPMailer\PHPMailer->addOrEnqueueAnAddress('to', [...], '')
 3 APPPATH\Libraries\EmailSender.php(26): PHPMailer\PHPMailer\PHPMailer->addAddress([...])
 4 APPPATH\Controllers\Peminjaman.php(262): App\Libraries\EmailSender->sendEmail([...], 'Peminjaman Mendekati Waktu Limit', 'Peminjaman Anda akan segera berakhir pada tanggal 25 July 2023.')
 5 SYSTEMPATH\CodeIgniter.php(934): App\Controllers\Peminjaman->kirimEmail('17')
 6 SYSTEMPATH\CodeIgniter.php(499): CodeIgniter\CodeIgniter->runController(Object(App\Controllers\Peminjaman))
 7 SYSTEMPATH\CodeIgniter.php(368): CodeIgniter\CodeIgniter->handleRequest(null, Object(Config\Cache), false)
 8 FCPATH\index.php(67): CodeIgniter\CodeIgniter->run()
 9 SYSTEMPATH\Commands\Server\rewrite.php(47): require_once('C:\\xampp\\htdocs\\perpus\\public\\index.php')
INFO - 2023-07-24 05:58:33 --> Session: Class initialized using 'CodeIgniter\Session\Handlers\FileHandler' driver.
CRITICAL - 2023-07-24 05:58:33 --> Undefined variable $recipientEmail
in APPPATH\Controllers\Peminjaman.php on line 262.
 1 APPPATH\Controllers\Peminjaman.php(262): CodeIgniter\Debug\Exceptions->errorHandler(2, 'Undefined variable $recipientEmail', 'C:\\xampp\\htdocs\\perpus\\app\\Controllers\\Peminjaman.php', 262)
 2 SYSTEMPATH\CodeIgniter.php(934): App\Controllers\Peminjaman->kirimEmail('17')
 3 SYSTEMPATH\CodeIgniter.php(499): CodeIgniter\CodeIgniter->runController(Object(App\Controllers\Peminjaman))
 4 SYSTEMPATH\CodeIgniter.php(368): CodeIgniter\CodeIgniter->handleRequest(null, Object(Config\Cache), false)
 5 FCPATH\index.php(67): CodeIgniter\CodeIgniter->run()
 6 SYSTEMPATH\Commands\Server\rewrite.php(47): require_once('C:\\xampp\\htdocs\\perpus\\public\\index.php')
INFO - 2023-07-24 05:58:59 --> Session: Class initialized using 'CodeIgniter\Session\Handlers\FileHandler' driver.
CRITICAL - 2023-07-24 05:58:59 --> trim(): Argument #1 ($string) must be of type string, array given
in VENDORPATH\phpmailer\phpmailer\src\PHPMailer.php on line 1080.
 1 VENDORPATH\phpmailer\phpmailer\src\PHPMailer.php(1080): trim([...])
 2 VENDORPATH\phpmailer\phpmailer\src\PHPMailer.php(1014): PHPMailer\PHPMailer\PHPMailer->addOrEnqueueAnAddress('to', [...], '')
 3 APPPATH\Libraries\EmailSender.php(26): PHPMailer\PHPMailer\PHPMailer->addAddress([...])
 4 APPPATH\Controllers\Peminjaman.php(262): App\Libraries\EmailSender->sendEmail([...], 'Peminjaman Mendekati Waktu Limit', 'Peminjaman Anda akan segera berakhir pada tanggal 25 July 2023.')
 5 SYSTEMPATH\CodeIgniter.php(934): App\Controllers\Peminjaman->kirimEmail('17')
 6 SYSTEMPATH\CodeIgniter.php(499): CodeIgniter\CodeIgniter->runController(Object(App\Controllers\Peminjaman))
 7 SYSTEMPATH\CodeIgniter.php(368): CodeIgniter\CodeIgniter->handleRequest(null, Object(Config\Cache), false)
 8 FCPATH\index.php(67): CodeIgniter\CodeIgniter->run()
 9 SYSTEMPATH\Commands\Server\rewrite.php(47): require_once('C:\\xampp\\htdocs\\perpus\\public\\index.php')
INFO - 2023-07-24 05:59:07 --> Session: Class initialized using 'CodeIgniter\Session\Handlers\FileHandler' driver.
CRITICAL - 2023-07-24 05:59:07 --> trim(): Argument #1 ($string) must be of type string, array given
in VENDORPATH\phpmailer\phpmailer\src\PHPMailer.php on line 1080.
 1 VENDORPATH\phpmailer\phpmailer\src\PHPMailer.php(1080): trim([...])
 2 VENDORPATH\phpmailer\phpmailer\src\PHPMailer.php(1014): PHPMailer\PHPMailer\PHPMailer->addOrEnqueueAnAddress('to', [...], '')
 3 APPPATH\Libraries\EmailSender.php(26): PHPMailer\PHPMailer\PHPMailer->addAddress([...])
 4 APPPATH\Controllers\Peminjaman.php(262): App\Libraries\EmailSender->sendEmail([...], 'Peminjaman Mendekati Waktu Limit', 'Peminjaman Anda akan segera berakhir pada tanggal 25 July 2023.')
 5 SYSTEMPATH\CodeIgniter.php(934): App\Controllers\Peminjaman->kirimEmail('17')
 6 SYSTEMPATH\CodeIgniter.php(499): CodeIgniter\CodeIgniter->runController(Object(App\Controllers\Peminjaman))
 7 SYSTEMPATH\CodeIgniter.php(368): CodeIgniter\CodeIgniter->handleRequest(null, Object(Config\Cache), false)
 8 FCPATH\index.php(67): CodeIgniter\CodeIgniter->run()
 9 SYSTEMPATH\Commands\Server\rewrite.php(47): require_once('C:\\xampp\\htdocs\\perpus\\public\\index.php')
INFO - 2023-07-24 06:00:50 --> Session: Class initialized using 'CodeIgniter\Session\Handlers\FileHandler' driver.
CRITICAL - 2023-07-24 06:00:50 --> trim(): Argument #1 ($string) must be of type string, array given
in VENDORPATH\phpmailer\phpmailer\src\PHPMailer.php on line 1080.
 1 VENDORPATH\phpmailer\phpmailer\src\PHPMailer.php(1080): trim([...])
 2 VENDORPATH\phpmailer\phpmailer\src\PHPMailer.php(1014): PHPMailer\PHPMailer\PHPMailer->addOrEnqueueAnAddress('to', [...], '')
 3 APPPATH\Libraries\EmailSender.php(26): PHPMailer\PHPMailer\PHPMailer->addAddress([...])
 4 APPPATH\Controllers\Peminjaman.php(262): App\Libraries\EmailSender->sendEmail([...], 'Peminjaman Mendekati Waktu Limit', 'Peminjaman Anda akan segera berakhir pada tanggal 25 July 2023.')
 5 SYSTEMPATH\CodeIgniter.php(934): App\Controllers\Peminjaman->kirimEmail('17')
 6 SYSTEMPATH\CodeIgniter.php(499): CodeIgniter\CodeIgniter->runController(Object(App\Controllers\Peminjaman))
 7 SYSTEMPATH\CodeIgniter.php(368): CodeIgniter\CodeIgniter->handleRequest(null, Object(Config\Cache), false)
 8 FCPATH\index.php(67): CodeIgniter\CodeIgniter->run()
 9 SYSTEMPATH\Commands\Server\rewrite.php(47): require_once('C:\\xampp\\htdocs\\perpus\\public\\index.php')
INFO - 2023-07-24 06:03:35 --> Session: Class initialized using 'CodeIgniter\Session\Handlers\FileHandler' driver.
INFO - 2023-07-24 06:03:35 --> Session: Class initialized using 'CodeIgniter\Session\Handlers\FileHandler' driver.
INFO - 2023-07-24 06:03:46 --> Session: Class initialized using 'CodeIgniter\Session\Handlers\FileHandler' driver.
INFO - 2023-07-24 06:03:49 --> Session: Class initialized using 'CodeIgniter\Session\Handlers\FileHandler' driver.
INFO - 2023-07-24 06:03:49 --> Session: Class initialized using 'CodeIgniter\Session\Handlers\FileHandler' driver.
INFO - 2023-07-24 06:04:38 --> Session: Class initialized using 'CodeIgniter\Session\Handlers\FileHandler' driver.
INFO - 2023-07-24 06:04:39 --> Session: Class initialized using 'CodeIgniter\Session\Handlers\FileHandler' driver.
INFO - 2023-07-24 06:04:41 --> Session: Class initialized using 'CodeIgniter\Session\Handlers\FileHandler' driver.
INFO - 2023-07-24 06:04:41 --> Session: Class initialized using 'CodeIgniter\Session\Handlers\FileHandler' driver.
INFO - 2023-07-24 06:04:43 --> Session: Class initialized using 'CodeIgniter\Session\Handlers\FileHandler' driver.
INFO - 2023-07-24 06:04:44 --> Session: Class initialized using 'CodeIgniter\Session\Handlers\FileHandler' driver.
INFO - 2023-07-24 06:10:04 --> Session: Class initialized using 'CodeIgniter\Session\Handlers\FileHandler' driver.
INFO - 2023-07-24 06:10:06 --> Session: Class initialized using 'CodeIgniter\Session\Handlers\FileHandler' driver.
INFO - 2023-07-24 06:10:06 --> Session: Class initialized using 'CodeIgniter\Session\Handlers\FileHandler' driver.
INFO - 2023-07-24 06:18:15 --> Session: Class initialized using 'CodeIgniter\Session\Handlers\FileHandler' driver.
INFO - 2023-07-24 06:18:18 --> Session: Class initialized using 'CodeIgniter\Session\Handlers\FileHandler' driver.
INFO - 2023-07-24 06:18:18 --> Session: Class initialized using 'CodeIgniter\Session\Handlers\FileHandler' driver.
INFO - 2023-07-24 06:24:23 --> Session: Class initialized using 'CodeIgniter\Session\Handlers\FileHandler' driver.
INFO - 2023-07-24 06:24:26 --> Session: Class initialized using 'CodeIgniter\Session\Handlers\FileHandler' driver.
INFO - 2023-07-24 06:24:29 --> Session: Class initialized using 'CodeIgniter\Session\Handlers\FileHandler' driver.
INFO - 2023-07-24 06:26:52 --> Session: Class initialized using 'CodeIgniter\Session\Handlers\FileHandler' driver.
INFO - 2023-07-24 06:26:55 --> Session: Class initialized using 'CodeIgniter\Session\Handlers\FileHandler' driver.
INFO - 2023-07-24 06:26:57 --> Session: Class initialized using 'CodeIgniter\Session\Handlers\FileHandler' driver.
INFO - 2023-07-24 06:30:00 --> Session: Class initialized using 'CodeIgniter\Session\Handlers\FileHandler' driver.
INFO - 2023-07-24 06:30:03 --> Session: Class initialized using 'CodeIgniter\Session\Handlers\FileHandler' driver.
INFO - 2023-07-24 06:30:05 --> Session: Class initialized using 'CodeIgniter\Session\Handlers\FileHandler' driver.
INFO - 2023-07-24 06:33:14 --> Session: Class initialized using 'CodeIgniter\Session\Handlers\FileHandler' driver.
INFO - 2023-07-24 06:33:17 --> Session: Class initialized using 'CodeIgniter\Session\Handlers\FileHandler' driver.
CRITICAL - 2023-07-24 06:33:17 --> Class "App\Libraries\SMTP" not found
in APPPATH\Libraries\EmailSender.php on line 18.
 1 APPPATH\Controllers\Peminjaman.php(262): App\Libraries\EmailSender->sendEmail('aiminnur02@gmail.com', 'Peminjaman Mendekati Waktu Limit', 'Peminjaman Anda akan segera berakhir pada tanggal 26 July 2023.')
 2 SYSTEMPATH\CodeIgniter.php(934): App\Controllers\Peminjaman->kirimEmail('18')
 3 SYSTEMPATH\CodeIgniter.php(499): CodeIgniter\CodeIgniter->runController(Object(App\Controllers\Peminjaman))
 4 SYSTEMPATH\CodeIgniter.php(368): CodeIgniter\CodeIgniter->handleRequest(null, Object(Config\Cache), false)
 5 FCPATH\index.php(67): CodeIgniter\CodeIgniter->run()
 6 SYSTEMPATH\Commands\Server\rewrite.php(47): require_once('C:\\xampp\\htdocs\\perpus\\public\\index.php')
INFO - 2023-07-24 06:33:40 --> Session: Class initialized using 'CodeIgniter\Session\Handlers\FileHandler' driver.
INFO - 2023-07-24 06:33:41 --> Session: Class initialized using 'CodeIgniter\Session\Handlers\FileHandler' driver.
INFO - 2023-07-24 07:21:58 --> Session: Class initialized using 'CodeIgniter\Session\Handlers\FileHandler' driver.
INFO - 2023-07-24 07:22:02 --> Session: Class initialized using 'CodeIgniter\Session\Handlers\FileHandler' driver.
INFO - 2023-07-24 07:22:05 --> Session: Class initialized using 'CodeIgniter\Session\Handlers\FileHandler' driver.
INFO - 2023-07-24 07:22:05 --> Session: Class initialized using 'CodeIgniter\Session\Handlers\FileHandler' driver.
INFO - 2023-07-24 07:22:09 --> Session: Class initialized using 'CodeIgniter\Session\Handlers\FileHandler' driver.
INFO - 2023-07-24 07:22:10 --> Session: Class initialized using 'CodeIgniter\Session\Handlers\FileHandler' driver.
INFO - 2023-07-24 07:23:13 --> Session: Class initialized using 'CodeIgniter\Session\Handlers\FileHandler' driver.
INFO - 2023-07-24 07:23:17 --> Session: Class initialized using 'CodeIgniter\Session\Handlers\FileHandler' driver.
INFO - 2023-07-24 07:23:18 --> Session: Class initialized using 'CodeIgniter\Session\Handlers\FileHandler' driver.
INFO - 2023-07-24 07:34:30 --> Session: Class initialized using 'CodeIgniter\Session\Handlers\FileHandler' driver.
INFO - 2023-07-24 07:34:34 --> Session: Class initialized using 'CodeIgniter\Session\Handlers\FileHandler' driver.
INFO - 2023-07-24 07:34:37 --> Session: Class initialized using 'CodeIgniter\Session\Handlers\FileHandler' driver.
INFO - 2023-07-24 07:34:37 --> Session: Class initialized using 'CodeIgniter\Session\Handlers\FileHandler' driver.
INFO - 2023-07-24 07:34:41 --> Session: Class initialized using 'CodeIgniter\Session\Handlers\FileHandler' driver.
INFO - 2023-07-24 07:34:41 --> Session: Class initialized using 'CodeIgniter\Session\Handlers\FileHandler' driver.
INFO - 2023-07-24 07:34:43 --> Session: Class initialized using 'CodeIgniter\Session\Handlers\FileHandler' driver.
INFO - 2023-07-24 07:34:44 --> Session: Class initialized using 'CodeIgniter\Session\Handlers\FileHandler' driver.
INFO - 2023-07-24 07:36:55 --> Session: Class initialized using 'CodeIgniter\Session\Handlers\FileHandler' driver.
INFO - 2023-07-24 07:36:57 --> Session: Class initialized using 'CodeIgniter\Session\Handlers\FileHandler' driver.
INFO - 2023-07-24 07:36:58 --> Session: Class initialized using 'CodeIgniter\Session\Handlers\FileHandler' driver.
INFO - 2023-07-24 07:37:03 --> Session: Class initialized using 'CodeIgniter\Session\Handlers\FileHandler' driver.
INFO - 2023-07-24 07:37:03 --> Session: Class initialized using 'CodeIgniter\Session\Handlers\FileHandler' driver.
INFO - 2023-07-24 08:13:56 --> Session: Class initialized using 'CodeIgniter\Session\Handlers\FileHandler' driver.
INFO - 2023-07-24 08:44:59 --> Session: Class initialized using 'CodeIgniter\Session\Handlers\FileHandler' driver.
INFO - 2023-07-24 08:45:02 --> Session: Class initialized using 'CodeIgniter\Session\Handlers\FileHandler' driver.
CRITICAL - 2023-07-24 08:45:02 --> Call to undefined method CodeIgniter\Email\Email::end()
in APPPATH\Controllers\Peminjaman.php on line 246.
 1 SYSTEMPATH\CodeIgniter.php(934): App\Controllers\Peminjaman->kirimEmail('17')
 2 SYSTEMPATH\CodeIgniter.php(499): CodeIgniter\CodeIgniter->runController(Object(App\Controllers\Peminjaman))
 3 SYSTEMPATH\CodeIgniter.php(368): CodeIgniter\CodeIgniter->handleRequest(null, Object(Config\Cache), false)
 4 FCPATH\index.php(67): CodeIgniter\CodeIgniter->run()
 5 SYSTEMPATH\Commands\Server\rewrite.php(47): require_once('C:\\xampp\\htdocs\\perpus\\public\\index.php')
INFO - 2023-07-24 08:45:16 --> Session: Class initialized using 'CodeIgniter\Session\Handlers\FileHandler' driver.
ERROR - 2023-07-24 08:45:18 --> Email: Unable to send email using SMTP. Your server might not be configured to send mail using this method.
ERROR - 2023-07-24 08:45:18 --> 220 smtp.gmail.com ESMTP u17-20020a17090341d100b001b9ecee459csm8330359ple.34 - gsmtp

hello: 250-smtp.gmail.com at your service, [140.213.1.90]
250-SIZE 35882577
250-8BITMIME
250-AUTH LOGIN PLAIN XOAUTH2 PLAIN-CLIENTTOKEN OAUTHBEARER XOAUTH
250-ENHANCEDSTATUSCODES
250-PIPELINING
250-CHUNKING
250 SMTPUTF8

Failed to authenticate password. Error: 534-5.7.9 Application-specific password required. Learn more at
534 5.7.9  https://support.google.com/mail/?p=InvalidSecondFactor u17-20020a17090341d100b001b9ecee459csm8330359ple.34 - gsmtp

INFO - 2023-07-24 08:46:58 --> Session: Class initialized using 'CodeIgniter\Session\Handlers\FileHandler' driver.
INFO - 2023-07-24 08:47:01 --> Session: Class initialized using 'CodeIgniter\Session\Handlers\FileHandler' driver.
ERROR - 2023-07-24 08:47:03 --> Email: Unable to send email using SMTP. Your server might not be configured to send mail using this method.
ERROR - 2023-07-24 08:47:03 --> 220 smtp.gmail.com ESMTP b26-20020aa7871a000000b006865f7543f6sm6036304pfo.216 - gsmtp

hello: 250-smtp.gmail.com at your service, [140.213.1.90]
250-SIZE 35882577
250-8BITMIME
250-AUTH LOGIN PLAIN XOAUTH2 PLAIN-CLIENTTOKEN OAUTHBEARER XOAUTH
250-ENHANCEDSTATUSCODES
250-PIPELINING
250-CHUNKING
250 SMTPUTF8

Failed to authenticate password. Error: 534-5.7.9 Application-specific password required. Learn more at
534 5.7.9  https://support.google.com/mail/?p=InvalidSecondFactor b26-20020aa7871a000000b006865f7543f6sm6036304pfo.216 - gsmtp

INFO - 2023-07-24 08:48:29 --> Session: Class initialized using 'CodeIgniter\Session\Handlers\FileHandler' driver.
INFO - 2023-07-24 08:48:33 --> Session: Class initialized using 'CodeIgniter\Session\Handlers\FileHandler' driver.
ERROR - 2023-07-24 08:48:35 --> Email: Unable to send email using SMTP. Your server might not be configured to send mail using this method.
ERROR - 2023-07-24 08:48:35 --> 220 smtp.gmail.com ESMTP s18-20020a17090330d200b001b672af624esm8292141plc.164 - gsmtp

hello: 250-smtp.gmail.com at your service, [140.213.1.90]
250-SIZE 35882577
250-8BITMIME
250-AUTH LOGIN PLAIN XOAUTH2 PLAIN-CLIENTTOKEN OAUTHBEARER XOAUTH
250-ENHANCEDSTATUSCODES
250-PIPELINING
250-CHUNKING
250 SMTPUTF8

Failed to authenticate password. Error: 534-5.7.9 Application-specific password required. Learn more at
534 5.7.9  https://support.google.com/mail/?p=InvalidSecondFactor s18-20020a17090330d200b001b672af624esm8292141plc.164 - gsmtp

INFO - 2023-07-24 08:50:00 --> Session: Class initialized using 'CodeIgniter\Session\Handlers\FileHandler' driver.
ERROR - 2023-07-24 08:50:02 --> Email: Unable to send email using SMTP. Your server might not be configured to send mail using this method.
ERROR - 2023-07-24 08:50:02 --> 220 smtp.gmail.com ESMTP h23-20020aa786d7000000b0067f11aa76cbsm7229399pfo.108 - gsmtp

hello: 250-smtp.gmail.com at your service, [140.213.1.90]
250-SIZE 35882577
250-8BITMIME
250-AUTH LOGIN PLAIN XOAUTH2 PLAIN-CLIENTTOKEN OAUTHBEARER XOAUTH
250-ENHANCEDSTATUSCODES
250-PIPELINING
250-CHUNKING
250 SMTPUTF8

Failed to authenticate password. Error: 534-5.7.9 Application-specific password required. Learn more at
534 5.7.9  https://support.google.com/mail/?p=InvalidSecondFactor h23-20020aa786d7000000b0067f11aa76cbsm7229399pfo.108 - gsmtp

INFO - 2023-07-24 08:50:46 --> Session: Class initialized using 'CodeIgniter\Session\Handlers\FileHandler' driver.
ERROR - 2023-07-24 08:50:47 --> Email: Unable to send email using SMTP. Your server might not be configured to send mail using this method.
ERROR - 2023-07-24 08:50:47 --> 220 smtp.gmail.com ESMTP z2-20020a17090a6d0200b002676e961260sm8427781pjj.0 - gsmtp

hello: 250-smtp.gmail.com at your service, [140.213.1.90]
250-SIZE 35882577
250-8BITMIME
250-AUTH LOGIN PLAIN XOAUTH2 PLAIN-CLIENTTOKEN OAUTHBEARER XOAUTH
250-ENHANCEDSTATUSCODES
250-PIPELINING
250-CHUNKING
250 SMTPUTF8

Failed to authenticate password. Error: 534-5.7.9 Application-specific password required. Learn more at
534 5.7.9  https://support.google.com/mail/?p=InvalidSecondFactor z2-20020a17090a6d0200b002676e961260sm8427781pjj.0 - gsmtp

INFO - 2023-07-24 08:50:50 --> Session: Class initialized using 'CodeIgniter\Session\Handlers\FileHandler' driver.
ERROR - 2023-07-24 08:50:51 --> Email: Unable to send email using SMTP. Your server might not be configured to send mail using this method.
ERROR - 2023-07-24 08:50:51 --> 220 smtp.gmail.com ESMTP 19-20020a170902c21300b001b8b4730355sm6416039pll.287 - gsmtp

hello: 250-smtp.gmail.com at your service, [140.213.1.90]
250-SIZE 35882577
250-8BITMIME
250-AUTH LOGIN PLAIN XOAUTH2 PLAIN-CLIENTTOKEN OAUTHBEARER XOAUTH
250-ENHANCEDSTATUSCODES
250-PIPELINING
250-CHUNKING
250 SMTPUTF8

Failed to authenticate password. Error: 534-5.7.9 Application-specific password required. Learn more at
534 5.7.9  https://support.google.com/mail/?p=InvalidSecondFactor 19-20020a170902c21300b001b8b4730355sm6416039pll.287 - gsmtp

INFO - 2023-07-24 08:50:53 --> Session: Class initialized using 'CodeIgniter\Session\Handlers\FileHandler' driver.
INFO - 2023-07-24 08:50:57 --> Session: Class initialized using 'CodeIgniter\Session\Handlers\FileHandler' driver.
ERROR - 2023-07-24 08:50:58 --> Email: Unable to send email using SMTP. Your server might not be configured to send mail using this method.
ERROR - 2023-07-24 08:50:58 --> 220 smtp.gmail.com ESMTP v20-20020aa78514000000b00673e652985bsm7219237pfn.118 - gsmtp

hello: 250-smtp.gmail.com at your service, [140.213.1.90]
250-SIZE 35882577
250-8BITMIME
250-AUTH LOGIN PLAIN XOAUTH2 PLAIN-CLIENTTOKEN OAUTHBEARER XOAUTH
250-ENHANCEDSTATUSCODES
250-PIPELINING
250-CHUNKING
250 SMTPUTF8

Failed to authenticate password. Error: 534-5.7.9 Application-specific password required. Learn more at
534 5.7.9  https://support.google.com/mail/?p=InvalidSecondFactor v20-20020aa78514000000b00673e652985bsm7219237pfn.118 - gsmtp

INFO - 2023-07-24 08:52:23 --> Session: Class initialized using 'CodeIgniter\Session\Handlers\FileHandler' driver.
CRITICAL - 2023-07-24 08:52:23 --> Class "App\Controllers\Config\Services" not found
in APPPATH\Controllers\Peminjaman.php on line 22.
 1 SYSTEMPATH\CodeIgniter.php(906): App\Controllers\Peminjaman->__construct()
 2 SYSTEMPATH\CodeIgniter.php(490): CodeIgniter\CodeIgniter->createController()
 3 SYSTEMPATH\CodeIgniter.php(368): CodeIgniter\CodeIgniter->handleRequest(null, Object(Config\Cache), false)
 4 FCPATH\index.php(67): CodeIgniter\CodeIgniter->run()
 5 SYSTEMPATH\Commands\Server\rewrite.php(47): require_once('C:\\xampp\\htdocs\\perpus\\public\\index.php')
INFO - 2023-07-24 08:52:44 --> Session: Class initialized using 'CodeIgniter\Session\Handlers\FileHandler' driver.
ERROR - 2023-07-24 08:52:46 --> Email: Unable to send email using SMTP. Your server might not be configured to send mail using this method.
ERROR - 2023-07-24 08:52:46 --> 220 smtp.gmail.com ESMTP c9-20020aa78809000000b0063d24fcc2b7sm7264077pfo.1 - gsmtp

hello: 250-smtp.gmail.com at your service, [140.213.1.90]
250-SIZE 35882577
250-8BITMIME
250-AUTH LOGIN PLAIN XOAUTH2 PLAIN-CLIENTTOKEN OAUTHBEARER XOAUTH
250-ENHANCEDSTATUSCODES
250-PIPELINING
250-CHUNKING
250 SMTPUTF8

Failed to authenticate password. Error: 534-5.7.9 Application-specific password required. Learn more at
534 5.7.9  https://support.google.com/mail/?p=InvalidSecondFactor c9-20020aa78809000000b0063d24fcc2b7sm7264077pfo.1 - gsmtp

INFO - 2023-07-24 08:54:38 --> Session: Class initialized using 'CodeIgniter\Session\Handlers\FileHandler' driver.
ERROR - 2023-07-24 08:54:40 --> Email: Unable to send email using SMTP. Your server might not be configured to send mail using this method.
ERROR - 2023-07-24 08:54:40 --> 220 smtp.gmail.com ESMTP g2-20020aa78742000000b00662610cf7a8sm7393989pfo.172 - gsmtp

hello: 250-smtp.gmail.com at your service, [140.213.1.90]
250-SIZE 35882577
250-8BITMIME
250-AUTH LOGIN PLAIN XOAUTH2 PLAIN-CLIENTTOKEN OAUTHBEARER XOAUTH
250-ENHANCEDSTATUSCODES
250-PIPELINING
250-CHUNKING
250 SMTPUTF8

Failed to authenticate password. Error: 534-5.7.9 Application-specific password required. Learn more at
534 5.7.9  https://support.google.com/mail/?p=InvalidSecondFactor g2-20020aa78742000000b00662610cf7a8sm7393989pfo.172 - gsmtp

INFO - 2023-07-24 08:54:42 --> Session: Class initialized using 'CodeIgniter\Session\Handlers\FileHandler' driver.
INFO - 2023-07-24 08:54:44 --> Session: Class initialized using 'CodeIgniter\Session\Handlers\FileHandler' driver.
ERROR - 2023-07-24 08:54:45 --> Email: Unable to send email using SMTP. Your server might not be configured to send mail using this method.
ERROR - 2023-07-24 08:54:45 --> 220 smtp.gmail.com ESMTP d7-20020a170902728700b001b8a3729c23sm8338080pll.17 - gsmtp

hello: 250-smtp.gmail.com at your service, [140.213.1.90]
250-SIZE 35882577
250-8BITMIME
250-AUTH LOGIN PLAIN XOAUTH2 PLAIN-CLIENTTOKEN OAUTHBEARER XOAUTH
250-ENHANCEDSTATUSCODES
250-PIPELINING
250-CHUNKING
250 SMTPUTF8

Failed to authenticate password. Error: 534-5.7.9 Application-specific password required. Learn more at
534 5.7.9  https://support.google.com/mail/?p=InvalidSecondFactor d7-20020a170902728700b001b8a3729c23sm8338080pll.17 - gsmtp

INFO - 2023-07-24 08:57:46 --> Session: Class initialized using 'CodeIgniter\Session\Handlers\FileHandler' driver.
INFO - 2023-07-24 08:57:50 --> Session: Class initialized using 'CodeIgniter\Session\Handlers\FileHandler' driver.
ERROR - 2023-07-24 08:57:52 --> Email: Unable to send email using SMTP. Your server might not be configured to send mail using this method.
ERROR - 2023-07-24 08:57:52 --> 220 smtp.gmail.com ESMTP t15-20020a170902b20f00b001b7ffca7dbcsm2848682plr.148 - gsmtp

hello: 250-smtp.gmail.com at your service, [140.213.1.90]
250-SIZE 35882577
250-8BITMIME
250-AUTH LOGIN PLAIN XOAUTH2 PLAIN-CLIENTTOKEN OAUTHBEARER XOAUTH
250-ENHANCEDSTATUSCODES
250-PIPELINING
250-CHUNKING
250 SMTPUTF8

Failed to authenticate password. Error: 534-5.7.9 Application-specific password required. Learn more at
534 5.7.9  https://support.google.com/mail/?p=InvalidSecondFactor t15-20020a170902b20f00b001b7ffca7dbcsm2848682plr.148 - gsmtp

INFO - 2023-07-24 08:59:47 --> Session: Class initialized using 'CodeIgniter\Session\Handlers\FileHandler' driver.
INFO - 2023-07-24 08:59:50 --> Session: Class initialized using 'CodeIgniter\Session\Handlers\FileHandler' driver.
ERROR - 2023-07-24 08:59:52 --> Email: Unable to send email using SMTP. Your server might not be configured to send mail using this method.
ERROR - 2023-07-24 08:59:52 --> 220 smtp.gmail.com ESMTP m22-20020aa79016000000b00682562b1549sm7264202pfo.24 - gsmtp

hello: 250-smtp.gmail.com at your service, [140.213.1.90]
250-SIZE 35882577
250-8BITMIME
250-AUTH LOGIN PLAIN XOAUTH2 PLAIN-CLIENTTOKEN OAUTHBEARER XOAUTH
250-ENHANCEDSTATUSCODES
250-PIPELINING
250-CHUNKING
250 SMTPUTF8

Failed to authenticate password. Error: 534-5.7.9 Application-specific password required. Learn more at
534 5.7.9  https://support.google.com/mail/?p=InvalidSecondFactor m22-20020aa79016000000b00682562b1549sm7264202pfo.24 - gsmtp

INFO - 2023-07-24 09:11:12 --> Session: Class initialized using 'CodeIgniter\Session\Handlers\FileHandler' driver.
INFO - 2023-07-24 09:11:16 --> Session: Class initialized using 'CodeIgniter\Session\Handlers\FileHandler' driver.
INFO - 2023-07-24 09:11:23 --> Session: Class initialized using 'CodeIgniter\Session\Handlers\FileHandler' driver.
INFO - 2023-07-24 09:29:13 --> Session: Class initialized using 'CodeIgniter\Session\Handlers\FileHandler' driver.
INFO - 2023-07-24 09:29:17 --> Session: Class initialized using 'CodeIgniter\Session\Handlers\FileHandler' driver.
CRITICAL - 2023-07-24 09:29:17 --> Class "App\Controllers\PeminjamanModel" not found
in APPPATH\Controllers\Peminjaman.php on line 240.
 1 SYSTEMPATH\CodeIgniter.php(934): App\Controllers\Peminjaman->kirimEmail('17')
 2 SYSTEMPATH\CodeIgniter.php(499): CodeIgniter\CodeIgniter->runController(Object(App\Controllers\Peminjaman))
 3 SYSTEMPATH\CodeIgniter.php(368): CodeIgniter\CodeIgniter->handleRequest(null, Object(Config\Cache), false)
 4 FCPATH\index.php(67): CodeIgniter\CodeIgniter->run()
 5 SYSTEMPATH\Commands\Server\rewrite.php(47): require_once('C:\\xampp\\htdocs\\perpus\\public\\index.php')
INFO - 2023-07-24 09:29:32 --> Session: Class initialized using 'CodeIgniter\Session\Handlers\FileHandler' driver.
CRITICAL - 2023-07-24 09:29:32 --> Class "App\Controllers\AnggotaMahasiswaModel" not found
in APPPATH\Controllers\Peminjaman.php on line 249.
 1 SYSTEMPATH\CodeIgniter.php(934): App\Controllers\Peminjaman->kirimEmail('17')
 2 SYSTEMPATH\CodeIgniter.php(499): CodeIgniter\CodeIgniter->runController(Object(App\Controllers\Peminjaman))
 3 SYSTEMPATH\CodeIgniter.php(368): CodeIgniter\CodeIgniter->handleRequest(null, Object(Config\Cache), false)
 4 FCPATH\index.php(67): CodeIgniter\CodeIgniter->run()
 5 SYSTEMPATH\Commands\Server\rewrite.php(47): require_once('C:\\xampp\\htdocs\\perpus\\public\\index.php')
INFO - 2023-07-24 09:29:46 --> Session: Class initialized using 'CodeIgniter\Session\Handlers\FileHandler' driver.
INFO - 2023-07-24 09:29:50 --> Session: Class initialized using 'CodeIgniter\Session\Handlers\FileHandler' driver.
INFO - 2023-07-24 09:34:30 --> Session: Class initialized using 'CodeIgniter\Session\Handlers\FileHandler' driver.
INFO - 2023-07-24 09:34:32 --> Session: Class initialized using 'CodeIgniter\Session\Handlers\FileHandler' driver.
INFO - 2023-07-24 09:34:34 --> Session: Class initialized using 'CodeIgniter\Session\Handlers\FileHandler' driver.
INFO - 2023-07-24 09:34:55 --> Session: Class initialized using 'CodeIgniter\Session\Handlers\FileHandler' driver.
INFO - 2023-07-24 09:35:01 --> Session: Class initialized using 'CodeIgniter\Session\Handlers\FileHandler' driver.
INFO - 2023-07-24 09:35:10 --> Session: Class initialized using 'CodeIgniter\Session\Handlers\FileHandler' driver.
INFO - 2023-07-24 09:35:24 --> Session: Class initialized using 'CodeIgniter\Session\Handlers\FileHandler' driver.
INFO - 2023-07-24 09:35:27 --> Session: Class initialized using 'CodeIgniter\Session\Handlers\FileHandler' driver.
INFO - 2023-07-24 09:35:30 --> Session: Class initialized using 'CodeIgniter\Session\Handlers\FileHandler' driver.
INFO - 2023-07-24 09:35:31 --> Session: Class initialized using 'CodeIgniter\Session\Handlers\FileHandler' driver.
INFO - 2023-07-24 09:37:56 --> Session: Class initialized using 'CodeIgniter\Session\Handlers\FileHandler' driver.
INFO - 2023-07-24 09:38:13 --> Session: Class initialized using 'CodeIgniter\Session\Handlers\FileHandler' driver.
INFO - 2023-07-24 09:38:33 --> Session: Class initialized using 'CodeIgniter\Session\Handlers\FileHandler' driver.
CRITICAL - 2023-07-24 09:38:33 --> syntax error, unexpected token "}", expecting "elseif" or "else" or "endif"
in APPPATH\Views\v_peminjaman\v_pengajuanMasuk.php on line 54.
 1 SYSTEMPATH\View\View.php(216): CodeIgniter\View\View->CodeIgniter\View\{closure}()
 2 SYSTEMPATH\Common.php(1184): CodeIgniter\View\View->render('v_peminjaman/v_pengajuanMasuk', [], true)
 3 APPPATH\Views\v_template_admin.php(300): view('v_peminjaman/v_pengajuanMasuk')
 4 SYSTEMPATH\View\View.php(213): include('C:\\xampp\\htdocs\\perpus\\app\\Views\\v_template_admin.php')
 5 SYSTEMPATH\View\View.php(216): CodeIgniter\View\View->CodeIgniter\View\{closure}()
 6 SYSTEMPATH\Common.php(1184): CodeIgniter\View\View->render('v_template_admin', [], true)
 7 APPPATH\Controllers\Admin.php(43): view('v_template_admin', [...])
 8 SYSTEMPATH\CodeIgniter.php(934): App\Controllers\Admin->PengajuanMasuk()
 9 SYSTEMPATH\CodeIgniter.php(499): CodeIgniter\CodeIgniter->runController(Object(App\Controllers\Admin))
10 SYSTEMPATH\CodeIgniter.php(368): CodeIgniter\CodeIgniter->handleRequest(null, Object(Config\Cache), false)
11 FCPATH\index.php(67): CodeIgniter\CodeIgniter->run()
12 SYSTEMPATH\Commands\Server\rewrite.php(47): require_once('C:\\xampp\\htdocs\\perpus\\public\\index.php')
INFO - 2023-07-24 09:38:43 --> Session: Class initialized using 'CodeIgniter\Session\Handlers\FileHandler' driver.
INFO - 2023-07-24 09:41:11 --> Session: Class initialized using 'CodeIgniter\Session\Handlers\FileHandler' driver.
INFO - 2023-07-24 09:41:44 --> Session: Class initialized using 'CodeIgniter\Session\Handlers\FileHandler' driver.
INFO - 2023-07-24 09:41:58 --> Session: Class initialized using 'CodeIgniter\Session\Handlers\FileHandler' driver.
INFO - 2023-07-24 09:42:00 --> Session: Class initialized using 'CodeIgniter\Session\Handlers\FileHandler' driver.
INFO - 2023-07-24 09:42:02 --> Session: Class initialized using 'CodeIgniter\Session\Handlers\FileHandler' driver.
INFO - 2023-07-24 09:42:05 --> Session: Class initialized using 'CodeIgniter\Session\Handlers\FileHandler' driver.
INFO - 2023-07-24 09:42:07 --> Session: Class initialized using 'CodeIgniter\Session\Handlers\FileHandler' driver.
INFO - 2023-07-24 09:42:10 --> Session: Class initialized using 'CodeIgniter\Session\Handlers\FileHandler' driver.
INFO - 2023-07-24 09:42:44 --> Session: Class initialized using 'CodeIgniter\Session\Handlers\FileHandler' driver.
INFO - 2023-07-24 09:42:46 --> Session: Class initialized using 'CodeIgniter\Session\Handlers\FileHandler' driver.
INFO - 2023-07-24 09:42:47 --> Session: Class initialized using 'CodeIgniter\Session\Handlers\FileHandler' driver.
INFO - 2023-07-24 11:11:31 --> Session: Class initialized using 'CodeIgniter\Session\Handlers\FileHandler' driver.
INFO - 2023-07-24 11:11:39 --> Session: Class initialized using 'CodeIgniter\Session\Handlers\FileHandler' driver.
INFO - 2023-07-24 11:11:46 --> Session: Class initialized using 'CodeIgniter\Session\Handlers\FileHandler' driver.
INFO - 2023-07-24 11:11:46 --> Session: Class initialized using 'CodeIgniter\Session\Handlers\FileHandler' driver.
INFO - 2023-07-24 11:11:50 --> Session: Class initialized using 'CodeIgniter\Session\Handlers\FileHandler' driver.
INFO - 2023-07-24 11:11:52 --> Session: Class initialized using 'CodeIgniter\Session\Handlers\FileHandler' driver.
INFO - 2023-07-24 11:11:55 --> Session: Class initialized using 'CodeIgniter\Session\Handlers\FileHandler' driver.
INFO - 2023-07-24 11:11:57 --> Session: Class initialized using 'CodeIgniter\Session\Handlers\FileHandler' driver.
INFO - 2023-07-24 11:12:00 --> Session: Class initialized using 'CodeIgniter\Session\Handlers\FileHandler' driver.
INFO - 2023-07-24 11:12:02 --> Session: Class initialized using 'CodeIgniter\Session\Handlers\FileHandler' driver.
INFO - 2023-07-24 11:12:05 --> Session: Class initialized using 'CodeIgniter\Session\Handlers\FileHandler' driver.
INFO - 2023-07-24 11:12:07 --> Session: Class initialized using 'CodeIgniter\Session\Handlers\FileHandler' driver.
INFO - 2023-07-24 11:12:09 --> Session: Class initialized using 'CodeIgniter\Session\Handlers\FileHandler' driver.
INFO - 2023-07-24 11:12:11 --> Session: Class initialized using 'CodeIgniter\Session\Handlers\FileHandler' driver.
INFO - 2023-07-24 11:12:15 --> Session: Class initialized using 'CodeIgniter\Session\Handlers\FileHandler' driver.
INFO - 2023-07-24 11:12:18 --> Session: Class initialized using 'CodeIgniter\Session\Handlers\FileHandler' driver.
INFO - 2023-07-24 11:12:18 --> Session: Class initialized using 'CodeIgniter\Session\Handlers\FileHandler' driver.
INFO - 2023-07-24 11:12:22 --> Session: Class initialized using 'CodeIgniter\Session\Handlers\FileHandler' driver.
INFO - 2023-07-24 11:12:24 --> Session: Class initialized using 'CodeIgniter\Session\Handlers\FileHandler' driver.
INFO - 2023-07-24 11:12:32 --> Session: Class initialized using 'CodeIgniter\Session\Handlers\FileHandler' driver.
INFO - 2023-07-24 11:12:32 --> Session: Class initialized using 'CodeIgniter\Session\Handlers\FileHandler' driver.
INFO - 2023-07-24 11:12:36 --> Session: Class initialized using 'CodeIgniter\Session\Handlers\FileHandler' driver.
INFO - 2023-07-24 11:12:38 --> Session: Class initialized using 'CodeIgniter\Session\Handlers\FileHandler' driver.
INFO - 2023-07-24 11:12:40 --> Session: Class initialized using 'CodeIgniter\Session\Handlers\FileHandler' driver.
INFO - 2023-07-24 11:12:42 --> Session: Class initialized using 'CodeIgniter\Session\Handlers\FileHandler' driver.
INFO - 2023-07-24 11:12:45 --> Session: Class initialized using 'CodeIgniter\Session\Handlers\FileHandler' driver.
INFO - 2023-07-24 11:12:50 --> Session: Class initialized using 'CodeIgniter\Session\Handlers\FileHandler' driver.
INFO - 2023-07-24 11:13:16 --> Session: Class initialized using 'CodeIgniter\Session\Handlers\FileHandler' driver.
INFO - 2023-07-24 11:13:20 --> Session: Class initialized using 'CodeIgniter\Session\Handlers\FileHandler' driver.
INFO - 2023-07-24 11:14:48 --> Session: Class initialized using 'CodeIgniter\Session\Handlers\FileHandler' driver.
INFO - 2023-07-24 11:14:53 --> Session: Class initialized using 'CodeIgniter\Session\Handlers\FileHandler' driver.
INFO - 2023-07-24 11:15:40 --> Session: Class initialized using 'CodeIgniter\Session\Handlers\FileHandler' driver.
INFO - 2023-07-24 11:15:42 --> Session: Class initialized using 'CodeIgniter\Session\Handlers\FileHandler' driver.
INFO - 2023-07-24 11:15:44 --> Session: Class initialized using 'CodeIgniter\Session\Handlers\FileHandler' driver.
INFO - 2023-07-24 11:15:46 --> Session: Class initialized using 'CodeIgniter\Session\Handlers\FileHandler' driver.
INFO - 2023-07-24 11:15:48 --> Session: Class initialized using 'CodeIgniter\Session\Handlers\FileHandler' driver.
